grand child
grand child
0 cousin removed 1
0 cousin removed 1
parent
parent
0 cousin removed 1
great grand child
0 cousin removed 1
great great grand child
grand parent
child
child
great grand child
child
great grand child
0 cousin removed 2
great grand child
0 cousin removed 1
0 cousin removed 1
sibling
child
great great great grand parent
0 cousin removed 1
great great grand child
great great great grand child
sibling
great grand child
grand child
great grand child
great great grand parent
great grand child
great great grand child
0 cousin removed 1
grand child
grand child
parent
0 cousin removed 2
0 cousin removed 1
1 cousin
great grand parent
0 cousin removed 1
grand child
grand child
1 cousin
grand parent
sibling
0 cousin removed 1
great great great grand parent
sibling
grand parent
great grand parent
child
parent
parent
parent
0 cousin removed 1
great great grand parent
grand child
parent
0 cousin removed 2
grand parent
child
child
great grand parent
sibling
grand parent
grand child
great great grand parent
sibling
great grand child
0 cousin removed 1
sibling
great great grand parent
0 cousin removed 2
0 cousin removed 1
1 cousin
grand parent
parent
0 cousin removed 2
grand parent
great great grand parent
0 cousin removed 2
0 cousin removed 1
child
sibling
great grand child
child
child
grand parent
child
0 cousin removed 1
grand child
parent
1 cousin
great great great grand parent
great grand parent
parent
0 cousin removed 2
grand parent
great great grand parent
parent
parent
grand parent
sibling
grand parent
great great great grand child
grand parent
sibling
sibling
sibling
great great great grand parent
great grand child
parent
parent
grand parent
great grand child
grand child
parent
sibling
great grand parent
0 cousin removed 2
child
parent
grand child
parent
great great grand parent
child
great grand child
sibling
parent
sibling
grand parent
parent
0 cousin removed 1
0 cousin removed 1
0 cousin removed 1
0 cousin removed 2
parent
parent
sibling
parent
grand parent
great grand child
grand parent
child
great grand child
0 cousin removed 1
0 cousin removed 2
great grand child
parent
grand child
grand child
child
great great grand parent
grand child
great grand parent
0 cousin removed 1
great great grand child
sibling
child
great great grand child
0 cousin removed 1
grand child
great great great grand child
