13 7 5 6 10 9 20 15 30
13 7 5 6 10 9 20 30 15
13 7 5 6 10 20 9 15 30
13 7 5 6 10 20 9 30 15
13 7 5 6 10 20 15 9 30
13 7 5 6 10 20 15 30 9
13 7 5 6 10 20 30 9 15
13 7 5 6 10 20 30 15 9
13 7 5 6 20 10 9 15 30
13 7 5 6 20 10 9 30 15
13 7 5 6 20 10 15 9 30
13 7 5 6 20 10 15 30 9
13 7 5 6 20 10 30 9 15
13 7 5 6 20 10 30 15 9
13 7 5 6 20 15 10 9 30
13 7 5 6 20 15 10 30 9
13 7 5 6 20 15 30 10 9
13 7 5 6 20 30 10 9 15
13 7 5 6 20 30 10 15 9
13 7 5 6 20 30 15 10 9
13 7 5 10 6 9 20 15 30
13 7 5 10 6 9 20 30 15
13 7 5 10 6 20 9 15 30
13 7 5 10 6 20 9 30 15
13 7 5 10 6 20 15 9 30
13 7 5 10 6 20 15 30 9
13 7 5 10 6 20 30 9 15
13 7 5 10 6 20 30 15 9
13 7 5 10 9 6 20 15 30
13 7 5 10 9 6 20 30 15
13 7 5 10 9 20 6 15 30
13 7 5 10 9 20 6 30 15
13 7 5 10 9 20 15 6 30
13 7 5 10 9 20 15 30 6
13 7 5 10 9 20 30 6 15
13 7 5 10 9 20 30 15 6
13 7 5 10 20 6 9 15 30
13 7 5 10 20 6 9 30 15
13 7 5 10 20 6 15 9 30
13 7 5 10 20 6 15 30 9
13 7 5 10 20 6 30 9 15
13 7 5 10 20 6 30 15 9
13 7 5 10 20 9 6 15 30
13 7 5 10 20 9 6 30 15
13 7 5 10 20 9 15 6 30
13 7 5 10 20 9 15 30 6
13 7 5 10 20 9 30 6 15
13 7 5 10 20 9 30 15 6
13 7 5 10 20 15 6 9 30
13 7 5 10 20 15 6 30 9
13 7 5 10 20 15 9 6 30
13 7 5 10 20 15 9 30 6
13 7 5 10 20 15 30 6 9
13 7 5 10 20 15 30 9 6
13 7 5 10 20 30 6 9 15
13 7 5 10 20 30 6 15 9
13 7 5 10 20 30 9 6 15
13 7 5 10 20 30 9 15 6
13 7 5 10 20 30 15 6 9
13 7 5 10 20 30 15 9 6
13 7 5 20 6 10 9 15 30
13 7 5 20 6 10 9 30 15
13 7 5 20 6 10 15 9 30
13 7 5 20 6 10 15 30 9
13 7 5 20 6 10 30 9 15
13 7 5 20 6 10 30 15 9
13 7 5 20 6 15 10 9 30
13 7 5 20 6 15 10 30 9
13 7 5 20 6 15 30 10 9
13 7 5 20 6 30 10 9 15
13 7 5 20 6 30 10 15 9
13 7 5 20 6 30 15 10 9
13 7 5 20 10 6 9 15 30
13 7 5 20 10 6 9 30 15
13 7 5 20 10 6 15 9 30
13 7 5 20 10 6 15 30 9
13 7 5 20 10 6 30 9 15
13 7 5 20 10 6 30 15 9
13 7 5 20 10 9 6 15 30
13 7 5 20 10 9 6 30 15
13 7 5 20 10 9 15 6 30
13 7 5 20 10 9 15 30 6
13 7 5 20 10 9 30 6 15
13 7 5 20 10 9 30 15 6
13 7 5 20 10 15 6 9 30
13 7 5 20 10 15 6 30 9
13 7 5 20 10 15 9 6 30
13 7 5 20 10 15 9 30 6
13 7 5 20 10 15 30 6 9
13 7 5 20 10 15 30 9 6
13 7 5 20 10 30 6 9 15
13 7 5 20 10 30 6 15 9
13 7 5 20 10 30 9 6 15
13 7 5 20 10 30 9 15 6
13 7 5 20 10 30 15 6 9
13 7 5 20 10 30 15 9 6
13 7 5 20 15 6 10 9 30
13 7 5 20 15 6 10 30 9
13 7 5 20 15 6 30 10 9
13 7 5 20 15 10 6 9 30
13 7 5 20 15 10 6 30 9
13 7 5 20 15 10 9 6 30
13 7 5 20 15 10 9 30 6
13 7 5 20 15 10 30 6 9
13 7 5 20 15 10 30 9 6
13 7 5 20 15 30 6 10 9
13 7 5 20 15 30 10 6 9
13 7 5 20 15 30 10 9 6
13 7 5 20 30 6 10 9 15
13 7 5 20 30 6 10 15 9
13 7 5 20 30 6 15 10 9
13 7 5 20 30 10 6 9 15
13 7 5 20 30 10 6 15 9
13 7 5 20 30 10 9 6 15
13 7 5 20 30 10 9 15 6
13 7 5 20 30 10 15 6 9
13 7 5 20 30 10 15 9 6
13 7 5 20 30 15 6 10 9
13 7 5 20 30 15 10 6 9
13 7 5 20 30 15 10 9 6
13 7 10 5 6 9 20 15 30
13 7 10 5 6 9 20 30 15
13 7 10 5 6 20 9 15 30
13 7 10 5 6 20 9 30 15
13 7 10 5 6 20 15 9 30
13 7 10 5 6 20 15 30 9
13 7 10 5 6 20 30 9 15
13 7 10 5 6 20 30 15 9
13 7 10 5 9 6 20 15 30
13 7 10 5 9 6 20 30 15
13 7 10 5 9 20 6 15 30
13 7 10 5 9 20 6 30 15
13 7 10 5 9 20 15 6 30
13 7 10 5 9 20 15 30 6
13 7 10 5 9 20 30 6 15
13 7 10 5 9 20 30 15 6
13 7 10 5 20 6 9 15 30
13 7 10 5 20 6 9 30 15
13 7 10 5 20 6 15 9 30
13 7 10 5 20 6 15 30 9
13 7 10 5 20 6 30 9 15
13 7 10 5 20 6 30 15 9
13 7 10 5 20 9 6 15 30
13 7 10 5 20 9 6 30 15
13 7 10 5 20 9 15 6 30
13 7 10 5 20 9 15 30 6
13 7 10 5 20 9 30 6 15
13 7 10 5 20 9 30 15 6
13 7 10 5 20 15 6 9 30
13 7 10 5 20 15 6 30 9
13 7 10 5 20 15 9 6 30
13 7 10 5 20 15 9 30 6
13 7 10 5 20 15 30 6 9
13 7 10 5 20 15 30 9 6
13 7 10 5 20 30 6 9 15
13 7 10 5 20 30 6 15 9
13 7 10 5 20 30 9 6 15
13 7 10 5 20 30 9 15 6
13 7 10 5 20 30 15 6 9
13 7 10 5 20 30 15 9 6
13 7 10 9 5 6 20 15 30
13 7 10 9 5 6 20 30 15
13 7 10 9 5 20 6 15 30
13 7 10 9 5 20 6 30 15
13 7 10 9 5 20 15 6 30
13 7 10 9 5 20 15 30 6
13 7 10 9 5 20 30 6 15
13 7 10 9 5 20 30 15 6
13 7 10 9 20 5 6 15 30
13 7 10 9 20 5 6 30 15
13 7 10 9 20 5 15 6 30
13 7 10 9 20 5 15 30 6
13 7 10 9 20 5 30 6 15
13 7 10 9 20 5 30 15 6
13 7 10 9 20 15 5 6 30
13 7 10 9 20 15 5 30 6
13 7 10 9 20 15 30 5 6
13 7 10 9 20 30 5 6 15
13 7 10 9 20 30 5 15 6
13 7 10 9 20 30 15 5 6
13 7 10 20 5 6 9 15 30
13 7 10 20 5 6 9 30 15
13 7 10 20 5 6 15 9 30
13 7 10 20 5 6 15 30 9
13 7 10 20 5 6 30 9 15
13 7 10 20 5 6 30 15 9
13 7 10 20 5 9 6 15 30
13 7 10 20 5 9 6 30 15
13 7 10 20 5 9 15 6 30
13 7 10 20 5 9 15 30 6
13 7 10 20 5 9 30 6 15
13 7 10 20 5 9 30 15 6
13 7 10 20 5 15 6 9 30
13 7 10 20 5 15 6 30 9
13 7 10 20 5 15 9 6 30
13 7 10 20 5 15 9 30 6
13 7 10 20 5 15 30 6 9
13 7 10 20 5 15 30 9 6
13 7 10 20 5 30 6 9 15
13 7 10 20 5 30 6 15 9
13 7 10 20 5 30 9 6 15
13 7 10 20 5 30 9 15 6
13 7 10 20 5 30 15 6 9
13 7 10 20 5 30 15 9 6
13 7 10 20 9 5 6 15 30
13 7 10 20 9 5 6 30 15
13 7 10 20 9 5 15 6 30
13 7 10 20 9 5 15 30 6
13 7 10 20 9 5 30 6 15
13 7 10 20 9 5 30 15 6
13 7 10 20 9 15 5 6 30
13 7 10 20 9 15 5 30 6
13 7 10 20 9 15 30 5 6
13 7 10 20 9 30 5 6 15
13 7 10 20 9 30 5 15 6
13 7 10 20 9 30 15 5 6
13 7 10 20 15 5 6 9 30
13 7 10 20 15 5 6 30 9
13 7 10 20 15 5 9 6 30
13 7 10 20 15 5 9 30 6
13 7 10 20 15 5 30 6 9
13 7 10 20 15 5 30 9 6
13 7 10 20 15 9 5 6 30
13 7 10 20 15 9 5 30 6
13 7 10 20 15 9 30 5 6
13 7 10 20 15 30 5 6 9
13 7 10 20 15 30 5 9 6
13 7 10 20 15 30 9 5 6
13 7 10 20 30 5 6 9 15
13 7 10 20 30 5 6 15 9
13 7 10 20 30 5 9 6 15
13 7 10 20 30 5 9 15 6
13 7 10 20 30 5 15 6 9
13 7 10 20 30 5 15 9 6
13 7 10 20 30 9 5 6 15
13 7 10 20 30 9 5 15 6
13 7 10 20 30 9 15 5 6
13 7 10 20 30 15 5 6 9
13 7 10 20 30 15 5 9 6
13 7 10 20 30 15 9 5 6
13 7 20 5 6 10 9 15 30
13 7 20 5 6 10 9 30 15
13 7 20 5 6 10 15 9 30
13 7 20 5 6 10 15 30 9
13 7 20 5 6 10 30 9 15
13 7 20 5 6 10 30 15 9
13 7 20 5 6 15 10 9 30
13 7 20 5 6 15 10 30 9
13 7 20 5 6 15 30 10 9
13 7 20 5 6 30 10 9 15
13 7 20 5 6 30 10 15 9
13 7 20 5 6 30 15 10 9
13 7 20 5 10 6 9 15 30
13 7 20 5 10 6 9 30 15
13 7 20 5 10 6 15 9 30
13 7 20 5 10 6 15 30 9
13 7 20 5 10 6 30 9 15
13 7 20 5 10 6 30 15 9
13 7 20 5 10 9 6 15 30
13 7 20 5 10 9 6 30 15
13 7 20 5 10 9 15 6 30
13 7 20 5 10 9 15 30 6
13 7 20 5 10 9 30 6 15
13 7 20 5 10 9 30 15 6
13 7 20 5 10 15 6 9 30
13 7 20 5 10 15 6 30 9
13 7 20 5 10 15 9 6 30
13 7 20 5 10 15 9 30 6
13 7 20 5 10 15 30 6 9
13 7 20 5 10 15 30 9 6
13 7 20 5 10 30 6 9 15
13 7 20 5 10 30 6 15 9
13 7 20 5 10 30 9 6 15
13 7 20 5 10 30 9 15 6
13 7 20 5 10 30 15 6 9
13 7 20 5 10 30 15 9 6
13 7 20 5 15 6 10 9 30
13 7 20 5 15 6 10 30 9
13 7 20 5 15 6 30 10 9
13 7 20 5 15 10 6 9 30
13 7 20 5 15 10 6 30 9
13 7 20 5 15 10 9 6 30
13 7 20 5 15 10 9 30 6
13 7 20 5 15 10 30 6 9
13 7 20 5 15 10 30 9 6
13 7 20 5 15 30 6 10 9
13 7 20 5 15 30 10 6 9
13 7 20 5 15 30 10 9 6
13 7 20 5 30 6 10 9 15
13 7 20 5 30 6 10 15 9
13 7 20 5 30 6 15 10 9
13 7 20 5 30 10 6 9 15
13 7 20 5 30 10 6 15 9
13 7 20 5 30 10 9 6 15
13 7 20 5 30 10 9 15 6
13 7 20 5 30 10 15 6 9
13 7 20 5 30 10 15 9 6
13 7 20 5 30 15 6 10 9
13 7 20 5 30 15 10 6 9
13 7 20 5 30 15 10 9 6
13 7 20 10 5 6 9 15 30
13 7 20 10 5 6 9 30 15
13 7 20 10 5 6 15 9 30
13 7 20 10 5 6 15 30 9
13 7 20 10 5 6 30 9 15
13 7 20 10 5 6 30 15 9
13 7 20 10 5 9 6 15 30
13 7 20 10 5 9 6 30 15
13 7 20 10 5 9 15 6 30
13 7 20 10 5 9 15 30 6
13 7 20 10 5 9 30 6 15
13 7 20 10 5 9 30 15 6
13 7 20 10 5 15 6 9 30
13 7 20 10 5 15 6 30 9
13 7 20 10 5 15 9 6 30
13 7 20 10 5 15 9 30 6
13 7 20 10 5 15 30 6 9
13 7 20 10 5 15 30 9 6
13 7 20 10 5 30 6 9 15
13 7 20 10 5 30 6 15 9
13 7 20 10 5 30 9 6 15
13 7 20 10 5 30 9 15 6
13 7 20 10 5 30 15 6 9
13 7 20 10 5 30 15 9 6
13 7 20 10 9 5 6 15 30
13 7 20 10 9 5 6 30 15
13 7 20 10 9 5 15 6 30
13 7 20 10 9 5 15 30 6
13 7 20 10 9 5 30 6 15
13 7 20 10 9 5 30 15 6
13 7 20 10 9 15 5 6 30
13 7 20 10 9 15 5 30 6
13 7 20 10 9 15 30 5 6
13 7 20 10 9 30 5 6 15
13 7 20 10 9 30 5 15 6
13 7 20 10 9 30 15 5 6
13 7 20 10 15 5 6 9 30
13 7 20 10 15 5 6 30 9
13 7 20 10 15 5 9 6 30
13 7 20 10 15 5 9 30 6
13 7 20 10 15 5 30 6 9
13 7 20 10 15 5 30 9 6
13 7 20 10 15 9 5 6 30
13 7 20 10 15 9 5 30 6
13 7 20 10 15 9 30 5 6
13 7 20 10 15 30 5 6 9
13 7 20 10 15 30 5 9 6
13 7 20 10 15 30 9 5 6
13 7 20 10 30 5 6 9 15
13 7 20 10 30 5 6 15 9
13 7 20 10 30 5 9 6 15
13 7 20 10 30 5 9 15 6
13 7 20 10 30 5 15 6 9
13 7 20 10 30 5 15 9 6
13 7 20 10 30 9 5 6 15
13 7 20 10 30 9 5 15 6
13 7 20 10 30 9 15 5 6
13 7 20 10 30 15 5 6 9
13 7 20 10 30 15 5 9 6
13 7 20 10 30 15 9 5 6
13 7 20 15 5 6 10 9 30
13 7 20 15 5 6 10 30 9
13 7 20 15 5 6 30 10 9
13 7 20 15 5 10 6 9 30
13 7 20 15 5 10 6 30 9
13 7 20 15 5 10 9 6 30
13 7 20 15 5 10 9 30 6
13 7 20 15 5 10 30 6 9
13 7 20 15 5 10 30 9 6
13 7 20 15 5 30 6 10 9
13 7 20 15 5 30 10 6 9
13 7 20 15 5 30 10 9 6
13 7 20 15 10 5 6 9 30
13 7 20 15 10 5 6 30 9
13 7 20 15 10 5 9 6 30
13 7 20 15 10 5 9 30 6
13 7 20 15 10 5 30 6 9
13 7 20 15 10 5 30 9 6
13 7 20 15 10 9 5 6 30
13 7 20 15 10 9 5 30 6
13 7 20 15 10 9 30 5 6
13 7 20 15 10 30 5 6 9
13 7 20 15 10 30 5 9 6
13 7 20 15 10 30 9 5 6
13 7 20 15 30 5 6 10 9
13 7 20 15 30 5 10 6 9
13 7 20 15 30 5 10 9 6
13 7 20 15 30 10 5 6 9
13 7 20 15 30 10 5 9 6
13 7 20 15 30 10 9 5 6
13 7 20 30 5 6 10 9 15
13 7 20 30 5 6 10 15 9
13 7 20 30 5 6 15 10 9
13 7 20 30 5 10 6 9 15
13 7 20 30 5 10 6 15 9
13 7 20 30 5 10 9 6 15
13 7 20 30 5 10 9 15 6
13 7 20 30 5 10 15 6 9
13 7 20 30 5 10 15 9 6
13 7 20 30 5 15 6 10 9
13 7 20 30 5 15 10 6 9
13 7 20 30 5 15 10 9 6
13 7 20 30 10 5 6 9 15
13 7 20 30 10 5 6 15 9
13 7 20 30 10 5 9 6 15
13 7 20 30 10 5 9 15 6
13 7 20 30 10 5 15 6 9
13 7 20 30 10 5 15 9 6
13 7 20 30 10 9 5 6 15
13 7 20 30 10 9 5 15 6
13 7 20 30 10 9 15 5 6
13 7 20 30 10 15 5 6 9
13 7 20 30 10 15 5 9 6
13 7 20 30 10 15 9 5 6
13 7 20 30 15 5 6 10 9
13 7 20 30 15 5 10 6 9
13 7 20 30 15 5 10 9 6
13 7 20 30 15 10 5 6 9
13 7 20 30 15 10 5 9 6
13 7 20 30 15 10 9 5 6
13 20 7 5 6 10 9 15 30
13 20 7 5 6 10 9 30 15
13 20 7 5 6 10 15 9 30
13 20 7 5 6 10 15 30 9
13 20 7 5 6 10 30 9 15
13 20 7 5 6 10 30 15 9
13 20 7 5 6 15 10 9 30
13 20 7 5 6 15 10 30 9
13 20 7 5 6 15 30 10 9
13 20 7 5 6 30 10 9 15
13 20 7 5 6 30 10 15 9
13 20 7 5 6 30 15 10 9
13 20 7 5 10 6 9 15 30
13 20 7 5 10 6 9 30 15
13 20 7 5 10 6 15 9 30
13 20 7 5 10 6 15 30 9
13 20 7 5 10 6 30 9 15
13 20 7 5 10 6 30 15 9
13 20 7 5 10 9 6 15 30
13 20 7 5 10 9 6 30 15
13 20 7 5 10 9 15 6 30
13 20 7 5 10 9 15 30 6
13 20 7 5 10 9 30 6 15
13 20 7 5 10 9 30 15 6
13 20 7 5 10 15 6 9 30
13 20 7 5 10 15 6 30 9
13 20 7 5 10 15 9 6 30
13 20 7 5 10 15 9 30 6
13 20 7 5 10 15 30 6 9
13 20 7 5 10 15 30 9 6
13 20 7 5 10 30 6 9 15
13 20 7 5 10 30 6 15 9
13 20 7 5 10 30 9 6 15
13 20 7 5 10 30 9 15 6
13 20 7 5 10 30 15 6 9
13 20 7 5 10 30 15 9 6
13 20 7 5 15 6 10 9 30
13 20 7 5 15 6 10 30 9
13 20 7 5 15 6 30 10 9
13 20 7 5 15 10 6 9 30
13 20 7 5 15 10 6 30 9
13 20 7 5 15 10 9 6 30
13 20 7 5 15 10 9 30 6
13 20 7 5 15 10 30 6 9
13 20 7 5 15 10 30 9 6
13 20 7 5 15 30 6 10 9
13 20 7 5 15 30 10 6 9
13 20 7 5 15 30 10 9 6
13 20 7 5 30 6 10 9 15
13 20 7 5 30 6 10 15 9
13 20 7 5 30 6 15 10 9
13 20 7 5 30 10 6 9 15
13 20 7 5 30 10 6 15 9
13 20 7 5 30 10 9 6 15
13 20 7 5 30 10 9 15 6
13 20 7 5 30 10 15 6 9
13 20 7 5 30 10 15 9 6
13 20 7 5 30 15 6 10 9
13 20 7 5 30 15 10 6 9
13 20 7 5 30 15 10 9 6
13 20 7 10 5 6 9 15 30
13 20 7 10 5 6 9 30 15
13 20 7 10 5 6 15 9 30
13 20 7 10 5 6 15 30 9
13 20 7 10 5 6 30 9 15
13 20 7 10 5 6 30 15 9
13 20 7 10 5 9 6 15 30
13 20 7 10 5 9 6 30 15
13 20 7 10 5 9 15 6 30
13 20 7 10 5 9 15 30 6
13 20 7 10 5 9 30 6 15
13 20 7 10 5 9 30 15 6
13 20 7 10 5 15 6 9 30
13 20 7 10 5 15 6 30 9
13 20 7 10 5 15 9 6 30
13 20 7 10 5 15 9 30 6
13 20 7 10 5 15 30 6 9
13 20 7 10 5 15 30 9 6
13 20 7 10 5 30 6 9 15
13 20 7 10 5 30 6 15 9
13 20 7 10 5 30 9 6 15
13 20 7 10 5 30 9 15 6
13 20 7 10 5 30 15 6 9
13 20 7 10 5 30 15 9 6
13 20 7 10 9 5 6 15 30
13 20 7 10 9 5 6 30 15
13 20 7 10 9 5 15 6 30
13 20 7 10 9 5 15 30 6
13 20 7 10 9 5 30 6 15
13 20 7 10 9 5 30 15 6
13 20 7 10 9 15 5 6 30
13 20 7 10 9 15 5 30 6
13 20 7 10 9 15 30 5 6
13 20 7 10 9 30 5 6 15
13 20 7 10 9 30 5 15 6
13 20 7 10 9 30 15 5 6
13 20 7 10 15 5 6 9 30
13 20 7 10 15 5 6 30 9
13 20 7 10 15 5 9 6 30
13 20 7 10 15 5 9 30 6
13 20 7 10 15 5 30 6 9
13 20 7 10 15 5 30 9 6
13 20 7 10 15 9 5 6 30
13 20 7 10 15 9 5 30 6
13 20 7 10 15 9 30 5 6
13 20 7 10 15 30 5 6 9
13 20 7 10 15 30 5 9 6
13 20 7 10 15 30 9 5 6
13 20 7 10 30 5 6 9 15
13 20 7 10 30 5 6 15 9
13 20 7 10 30 5 9 6 15
13 20 7 10 30 5 9 15 6
13 20 7 10 30 5 15 6 9
13 20 7 10 30 5 15 9 6
13 20 7 10 30 9 5 6 15
13 20 7 10 30 9 5 15 6
13 20 7 10 30 9 15 5 6
13 20 7 10 30 15 5 6 9
13 20 7 10 30 15 5 9 6
13 20 7 10 30 15 9 5 6
13 20 7 15 5 6 10 9 30
13 20 7 15 5 6 10 30 9
13 20 7 15 5 6 30 10 9
13 20 7 15 5 10 6 9 30
13 20 7 15 5 10 6 30 9
13 20 7 15 5 10 9 6 30
13 20 7 15 5 10 9 30 6
13 20 7 15 5 10 30 6 9
13 20 7 15 5 10 30 9 6
13 20 7 15 5 30 6 10 9
13 20 7 15 5 30 10 6 9
13 20 7 15 5 30 10 9 6
13 20 7 15 10 5 6 9 30
13 20 7 15 10 5 6 30 9
13 20 7 15 10 5 9 6 30
13 20 7 15 10 5 9 30 6
13 20 7 15 10 5 30 6 9
13 20 7 15 10 5 30 9 6
13 20 7 15 10 9 5 6 30
13 20 7 15 10 9 5 30 6
13 20 7 15 10 9 30 5 6
13 20 7 15 10 30 5 6 9
13 20 7 15 10 30 5 9 6
13 20 7 15 10 30 9 5 6
13 20 7 15 30 5 6 10 9
13 20 7 15 30 5 10 6 9
13 20 7 15 30 5 10 9 6
13 20 7 15 30 10 5 6 9
13 20 7 15 30 10 5 9 6
13 20 7 15 30 10 9 5 6
13 20 7 30 5 6 10 9 15
13 20 7 30 5 6 10 15 9
13 20 7 30 5 6 15 10 9
13 20 7 30 5 10 6 9 15
13 20 7 30 5 10 6 15 9
13 20 7 30 5 10 9 6 15
13 20 7 30 5 10 9 15 6
13 20 7 30 5 10 15 6 9
13 20 7 30 5 10 15 9 6
13 20 7 30 5 15 6 10 9
13 20 7 30 5 15 10 6 9
13 20 7 30 5 15 10 9 6
13 20 7 30 10 5 6 9 15
13 20 7 30 10 5 6 15 9
13 20 7 30 10 5 9 6 15
13 20 7 30 10 5 9 15 6
13 20 7 30 10 5 15 6 9
13 20 7 30 10 5 15 9 6
13 20 7 30 10 9 5 6 15
13 20 7 30 10 9 5 15 6
13 20 7 30 10 9 15 5 6
13 20 7 30 10 15 5 6 9
13 20 7 30 10 15 5 9 6
13 20 7 30 10 15 9 5 6
13 20 7 30 15 5 6 10 9
13 20 7 30 15 5 10 6 9
13 20 7 30 15 5 10 9 6
13 20 7 30 15 10 5 6 9
13 20 7 30 15 10 5 9 6
13 20 7 30 15 10 9 5 6
13 20 15 7 5 6 10 9 30
13 20 15 7 5 6 10 30 9
13 20 15 7 5 6 30 10 9
13 20 15 7 5 10 6 9 30
13 20 15 7 5 10 6 30 9
13 20 15 7 5 10 9 6 30
13 20 15 7 5 10 9 30 6
13 20 15 7 5 10 30 6 9
13 20 15 7 5 10 30 9 6
13 20 15 7 5 30 6 10 9
13 20 15 7 5 30 10 6 9
13 20 15 7 5 30 10 9 6
13 20 15 7 10 5 6 9 30
13 20 15 7 10 5 6 30 9
13 20 15 7 10 5 9 6 30
13 20 15 7 10 5 9 30 6
13 20 15 7 10 5 30 6 9
13 20 15 7 10 5 30 9 6
13 20 15 7 10 9 5 6 30
13 20 15 7 10 9 5 30 6
13 20 15 7 10 9 30 5 6
13 20 15 7 10 30 5 6 9
13 20 15 7 10 30 5 9 6
13 20 15 7 10 30 9 5 6
13 20 15 7 30 5 6 10 9
13 20 15 7 30 5 10 6 9
13 20 15 7 30 5 10 9 6
13 20 15 7 30 10 5 6 9
13 20 15 7 30 10 5 9 6
13 20 15 7 30 10 9 5 6
13 20 15 30 7 5 6 10 9
13 20 15 30 7 5 10 6 9
13 20 15 30 7 5 10 9 6
13 20 15 30 7 10 5 6 9
13 20 15 30 7 10 5 9 6
13 20 15 30 7 10 9 5 6
13 20 30 7 5 6 10 9 15
13 20 30 7 5 6 10 15 9
13 20 30 7 5 6 15 10 9
13 20 30 7 5 10 6 9 15
13 20 30 7 5 10 6 15 9
13 20 30 7 5 10 9 6 15
13 20 30 7 5 10 9 15 6
13 20 30 7 5 10 15 6 9
13 20 30 7 5 10 15 9 6
13 20 30 7 5 15 6 10 9
13 20 30 7 5 15 10 6 9
13 20 30 7 5 15 10 9 6
13 20 30 7 10 5 6 9 15
13 20 30 7 10 5 6 15 9
13 20 30 7 10 5 9 6 15
13 20 30 7 10 5 9 15 6
13 20 30 7 10 5 15 6 9
13 20 30 7 10 5 15 9 6
13 20 30 7 10 9 5 6 15
13 20 30 7 10 9 5 15 6
13 20 30 7 10 9 15 5 6
13 20 30 7 10 15 5 6 9
13 20 30 7 10 15 5 9 6
13 20 30 7 10 15 9 5 6
13 20 30 7 15 5 6 10 9
13 20 30 7 15 5 10 6 9
13 20 30 7 15 5 10 9 6
13 20 30 7 15 10 5 6 9
13 20 30 7 15 10 5 9 6
13 20 30 7 15 10 9 5 6
13 20 30 15 7 5 6 10 9
13 20 30 15 7 5 10 6 9
13 20 30 15 7 5 10 9 6
13 20 30 15 7 10 5 6 9
13 20 30 15 7 10 5 9 6
13 20 30 15 7 10 9 5 6
13 7 5 10 20 15 17 30 40
13 7 5 10 20 15 30 17 40
13 7 5 10 20 15 30 40 17
13 7 5 10 20 30 15 17 40
13 7 5 10 20 30 15 40 17
13 7 5 10 20 30 40 15 17
13 7 5 20 10 15 17 30 40
13 7 5 20 10 15 30 17 40
13 7 5 20 10 15 30 40 17
13 7 5 20 10 30 15 17 40
13 7 5 20 10 30 15 40 17
13 7 5 20 10 30 40 15 17
13 7 5 20 15 10 17 30 40
13 7 5 20 15 10 30 17 40
13 7 5 20 15 10 30 40 17
13 7 5 20 15 17 10 30 40
13 7 5 20 15 17 30 10 40
13 7 5 20 15 17 30 40 10
13 7 5 20 15 30 10 17 40
13 7 5 20 15 30 10 40 17
13 7 5 20 15 30 17 10 40
13 7 5 20 15 30 17 40 10
13 7 5 20 15 30 40 10 17
13 7 5 20 15 30 40 17 10
13 7 5 20 30 10 15 17 40
13 7 5 20 30 10 15 40 17
13 7 5 20 30 10 40 15 17
13 7 5 20 30 15 10 17 40
13 7 5 20 30 15 10 40 17
13 7 5 20 30 15 17 10 40
13 7 5 20 30 15 17 40 10
13 7 5 20 30 15 40 10 17
13 7 5 20 30 15 40 17 10
13 7 5 20 30 40 10 15 17
13 7 5 20 30 40 15 10 17
13 7 5 20 30 40 15 17 10
13 7 10 5 20 15 17 30 40
13 7 10 5 20 15 30 17 40
13 7 10 5 20 15 30 40 17
13 7 10 5 20 30 15 17 40
13 7 10 5 20 30 15 40 17
13 7 10 5 20 30 40 15 17
13 7 10 20 5 15 17 30 40
13 7 10 20 5 15 30 17 40
13 7 10 20 5 15 30 40 17
13 7 10 20 5 30 15 17 40
13 7 10 20 5 30 15 40 17
13 7 10 20 5 30 40 15 17
13 7 10 20 15 5 17 30 40
13 7 10 20 15 5 30 17 40
13 7 10 20 15 5 30 40 17
13 7 10 20 15 17 5 30 40
13 7 10 20 15 17 30 5 40
13 7 10 20 15 17 30 40 5
13 7 10 20 15 30 5 17 40
13 7 10 20 15 30 5 40 17
13 7 10 20 15 30 17 5 40
13 7 10 20 15 30 17 40 5
13 7 10 20 15 30 40 5 17
13 7 10 20 15 30 40 17 5
13 7 10 20 30 5 15 17 40
13 7 10 20 30 5 15 40 17
13 7 10 20 30 5 40 15 17
13 7 10 20 30 15 5 17 40
13 7 10 20 30 15 5 40 17
13 7 10 20 30 15 17 5 40
13 7 10 20 30 15 17 40 5
13 7 10 20 30 15 40 5 17
13 7 10 20 30 15 40 17 5
13 7 10 20 30 40 5 15 17
13 7 10 20 30 40 15 5 17
13 7 10 20 30 40 15 17 5
13 7 20 5 10 15 17 30 40
13 7 20 5 10 15 30 17 40
13 7 20 5 10 15 30 40 17
13 7 20 5 10 30 15 17 40
13 7 20 5 10 30 15 40 17
13 7 20 5 10 30 40 15 17
13 7 20 5 15 10 17 30 40
13 7 20 5 15 10 30 17 40
13 7 20 5 15 10 30 40 17
13 7 20 5 15 17 10 30 40
13 7 20 5 15 17 30 10 40
13 7 20 5 15 17 30 40 10
13 7 20 5 15 30 10 17 40
13 7 20 5 15 30 10 40 17
13 7 20 5 15 30 17 10 40
13 7 20 5 15 30 17 40 10
13 7 20 5 15 30 40 10 17
13 7 20 5 15 30 40 17 10
13 7 20 5 30 10 15 17 40
13 7 20 5 30 10 15 40 17
13 7 20 5 30 10 40 15 17
13 7 20 5 30 15 10 17 40
13 7 20 5 30 15 10 40 17
13 7 20 5 30 15 17 10 40
13 7 20 5 30 15 17 40 10
13 7 20 5 30 15 40 10 17
13 7 20 5 30 15 40 17 10
13 7 20 5 30 40 10 15 17
13 7 20 5 30 40 15 10 17
13 7 20 5 30 40 15 17 10
13 7 20 10 5 15 17 30 40
13 7 20 10 5 15 30 17 40
13 7 20 10 5 15 30 40 17
13 7 20 10 5 30 15 17 40
13 7 20 10 5 30 15 40 17
13 7 20 10 5 30 40 15 17
13 7 20 10 15 5 17 30 40
13 7 20 10 15 5 30 17 40
13 7 20 10 15 5 30 40 17
13 7 20 10 15 17 5 30 40
13 7 20 10 15 17 30 5 40
13 7 20 10 15 17 30 40 5
13 7 20 10 15 30 5 17 40
13 7 20 10 15 30 5 40 17
13 7 20 10 15 30 17 5 40
13 7 20 10 15 30 17 40 5
13 7 20 10 15 30 40 5 17
13 7 20 10 15 30 40 17 5
13 7 20 10 30 5 15 17 40
13 7 20 10 30 5 15 40 17
13 7 20 10 30 5 40 15 17
13 7 20 10 30 15 5 17 40
13 7 20 10 30 15 5 40 17
13 7 20 10 30 15 17 5 40
13 7 20 10 30 15 17 40 5
13 7 20 10 30 15 40 5 17
13 7 20 10 30 15 40 17 5
13 7 20 10 30 40 5 15 17
13 7 20 10 30 40 15 5 17
13 7 20 10 30 40 15 17 5
13 7 20 15 5 10 17 30 40
13 7 20 15 5 10 30 17 40
13 7 20 15 5 10 30 40 17
13 7 20 15 5 17 10 30 40
13 7 20 15 5 17 30 10 40
13 7 20 15 5 17 30 40 10
13 7 20 15 5 30 10 17 40
13 7 20 15 5 30 10 40 17
13 7 20 15 5 30 17 10 40
13 7 20 15 5 30 17 40 10
13 7 20 15 5 30 40 10 17
13 7 20 15 5 30 40 17 10
13 7 20 15 10 5 17 30 40
13 7 20 15 10 5 30 17 40
13 7 20 15 10 5 30 40 17
13 7 20 15 10 17 5 30 40
13 7 20 15 10 17 30 5 40
13 7 20 15 10 17 30 40 5
13 7 20 15 10 30 5 17 40
13 7 20 15 10 30 5 40 17
13 7 20 15 10 30 17 5 40
13 7 20 15 10 30 17 40 5
13 7 20 15 10 30 40 5 17
13 7 20 15 10 30 40 17 5
13 7 20 15 17 5 10 30 40
13 7 20 15 17 5 30 10 40
13 7 20 15 17 5 30 40 10
13 7 20 15 17 10 5 30 40
13 7 20 15 17 10 30 5 40
13 7 20 15 17 10 30 40 5
13 7 20 15 17 30 5 10 40
13 7 20 15 17 30 5 40 10
13 7 20 15 17 30 10 5 40
13 7 20 15 17 30 10 40 5
13 7 20 15 17 30 40 5 10
13 7 20 15 17 30 40 10 5
13 7 20 15 30 5 10 17 40
13 7 20 15 30 5 10 40 17
13 7 20 15 30 5 17 10 40
13 7 20 15 30 5 17 40 10
13 7 20 15 30 5 40 10 17
13 7 20 15 30 5 40 17 10
13 7 20 15 30 10 5 17 40
13 7 20 15 30 10 5 40 17
13 7 20 15 30 10 17 5 40
13 7 20 15 30 10 17 40 5
13 7 20 15 30 10 40 5 17
13 7 20 15 30 10 40 17 5
13 7 20 15 30 17 5 10 40
13 7 20 15 30 17 5 40 10
13 7 20 15 30 17 10 5 40
13 7 20 15 30 17 10 40 5
13 7 20 15 30 17 40 5 10
13 7 20 15 30 17 40 10 5
13 7 20 15 30 40 5 10 17
13 7 20 15 30 40 5 17 10
13 7 20 15 30 40 10 5 17
13 7 20 15 30 40 10 17 5
13 7 20 15 30 40 17 5 10
13 7 20 15 30 40 17 10 5
13 7 20 30 5 10 15 17 40
13 7 20 30 5 10 15 40 17
13 7 20 30 5 10 40 15 17
13 7 20 30 5 15 10 17 40
13 7 20 30 5 15 10 40 17
13 7 20 30 5 15 17 10 40
13 7 20 30 5 15 17 40 10
13 7 20 30 5 15 40 10 17
13 7 20 30 5 15 40 17 10
13 7 20 30 5 40 10 15 17
13 7 20 30 5 40 15 10 17
13 7 20 30 5 40 15 17 10
13 7 20 30 10 5 15 17 40
13 7 20 30 10 5 15 40 17
13 7 20 30 10 5 40 15 17
13 7 20 30 10 15 5 17 40
13 7 20 30 10 15 5 40 17
13 7 20 30 10 15 17 5 40
13 7 20 30 10 15 17 40 5
13 7 20 30 10 15 40 5 17
13 7 20 30 10 15 40 17 5
13 7 20 30 10 40 5 15 17
13 7 20 30 10 40 15 5 17
13 7 20 30 10 40 15 17 5
13 7 20 30 15 5 10 17 40
13 7 20 30 15 5 10 40 17
13 7 20 30 15 5 17 10 40
13 7 20 30 15 5 17 40 10
13 7 20 30 15 5 40 10 17
13 7 20 30 15 5 40 17 10
13 7 20 30 15 10 5 17 40
13 7 20 30 15 10 5 40 17
13 7 20 30 15 10 17 5 40
13 7 20 30 15 10 17 40 5
13 7 20 30 15 10 40 5 17
13 7 20 30 15 10 40 17 5
13 7 20 30 15 17 5 10 40
13 7 20 30 15 17 5 40 10
13 7 20 30 15 17 10 5 40
13 7 20 30 15 17 10 40 5
13 7 20 30 15 17 40 5 10
13 7 20 30 15 17 40 10 5
13 7 20 30 15 40 5 10 17
13 7 20 30 15 40 5 17 10
13 7 20 30 15 40 10 5 17
13 7 20 30 15 40 10 17 5
13 7 20 30 15 40 17 5 10
13 7 20 30 15 40 17 10 5
13 7 20 30 40 5 10 15 17
13 7 20 30 40 5 15 10 17
13 7 20 30 40 5 15 17 10
13 7 20 30 40 10 5 15 17
13 7 20 30 40 10 15 5 17
13 7 20 30 40 10 15 17 5
13 7 20 30 40 15 5 10 17
13 7 20 30 40 15 5 17 10
13 7 20 30 40 15 10 5 17
13 7 20 30 40 15 10 17 5
13 7 20 30 40 15 17 5 10
13 7 20 30 40 15 17 10 5
13 20 7 5 10 15 17 30 40
13 20 7 5 10 15 30 17 40
13 20 7 5 10 15 30 40 17
13 20 7 5 10 30 15 17 40
13 20 7 5 10 30 15 40 17
13 20 7 5 10 30 40 15 17
13 20 7 5 15 10 17 30 40
13 20 7 5 15 10 30 17 40
13 20 7 5 15 10 30 40 17
13 20 7 5 15 17 10 30 40
13 20 7 5 15 17 30 10 40
13 20 7 5 15 17 30 40 10
13 20 7 5 15 30 10 17 40
13 20 7 5 15 30 10 40 17
13 20 7 5 15 30 17 10 40
13 20 7 5 15 30 17 40 10
13 20 7 5 15 30 40 10 17
13 20 7 5 15 30 40 17 10
13 20 7 5 30 10 15 17 40
13 20 7 5 30 10 15 40 17
13 20 7 5 30 10 40 15 17
13 20 7 5 30 15 10 17 40
13 20 7 5 30 15 10 40 17
13 20 7 5 30 15 17 10 40
13 20 7 5 30 15 17 40 10
13 20 7 5 30 15 40 10 17
13 20 7 5 30 15 40 17 10
13 20 7 5 30 40 10 15 17
13 20 7 5 30 40 15 10 17
13 20 7 5 30 40 15 17 10
13 20 7 10 5 15 17 30 40
13 20 7 10 5 15 30 17 40
13 20 7 10 5 15 30 40 17
13 20 7 10 5 30 15 17 40
13 20 7 10 5 30 15 40 17
13 20 7 10 5 30 40 15 17
13 20 7 10 15 5 17 30 40
13 20 7 10 15 5 30 17 40
13 20 7 10 15 5 30 40 17
13 20 7 10 15 17 5 30 40
13 20 7 10 15 17 30 5 40
13 20 7 10 15 17 30 40 5
13 20 7 10 15 30 5 17 40
13 20 7 10 15 30 5 40 17
13 20 7 10 15 30 17 5 40
13 20 7 10 15 30 17 40 5
13 20 7 10 15 30 40 5 17
13 20 7 10 15 30 40 17 5
13 20 7 10 30 5 15 17 40
13 20 7 10 30 5 15 40 17
13 20 7 10 30 5 40 15 17
13 20 7 10 30 15 5 17 40
13 20 7 10 30 15 5 40 17
13 20 7 10 30 15 17 5 40
13 20 7 10 30 15 17 40 5
13 20 7 10 30 15 40 5 17
13 20 7 10 30 15 40 17 5
13 20 7 10 30 40 5 15 17
13 20 7 10 30 40 15 5 17
13 20 7 10 30 40 15 17 5
13 20 7 15 5 10 17 30 40
13 20 7 15 5 10 30 17 40
13 20 7 15 5 10 30 40 17
13 20 7 15 5 17 10 30 40
13 20 7 15 5 17 30 10 40
13 20 7 15 5 17 30 40 10
13 20 7 15 5 30 10 17 40
13 20 7 15 5 30 10 40 17
13 20 7 15 5 30 17 10 40
13 20 7 15 5 30 17 40 10
13 20 7 15 5 30 40 10 17
13 20 7 15 5 30 40 17 10
13 20 7 15 10 5 17 30 40
13 20 7 15 10 5 30 17 40
13 20 7 15 10 5 30 40 17
13 20 7 15 10 17 5 30 40
13 20 7 15 10 17 30 5 40
13 20 7 15 10 17 30 40 5
13 20 7 15 10 30 5 17 40
13 20 7 15 10 30 5 40 17
13 20 7 15 10 30 17 5 40
13 20 7 15 10 30 17 40 5
13 20 7 15 10 30 40 5 17
13 20 7 15 10 30 40 17 5
13 20 7 15 17 5 10 30 40
13 20 7 15 17 5 30 10 40
13 20 7 15 17 5 30 40 10
13 20 7 15 17 10 5 30 40
13 20 7 15 17 10 30 5 40
13 20 7 15 17 10 30 40 5
13 20 7 15 17 30 5 10 40
13 20 7 15 17 30 5 40 10
13 20 7 15 17 30 10 5 40
13 20 7 15 17 30 10 40 5
13 20 7 15 17 30 40 5 10
13 20 7 15 17 30 40 10 5
13 20 7 15 30 5 10 17 40
13 20 7 15 30 5 10 40 17
13 20 7 15 30 5 17 10 40
13 20 7 15 30 5 17 40 10
13 20 7 15 30 5 40 10 17
13 20 7 15 30 5 40 17 10
13 20 7 15 30 10 5 17 40
13 20 7 15 30 10 5 40 17
13 20 7 15 30 10 17 5 40
13 20 7 15 30 10 17 40 5
13 20 7 15 30 10 40 5 17
13 20 7 15 30 10 40 17 5
13 20 7 15 30 17 5 10 40
13 20 7 15 30 17 5 40 10
13 20 7 15 30 17 10 5 40
13 20 7 15 30 17 10 40 5
13 20 7 15 30 17 40 5 10
13 20 7 15 30 17 40 10 5
13 20 7 15 30 40 5 10 17
13 20 7 15 30 40 5 17 10
13 20 7 15 30 40 10 5 17
13 20 7 15 30 40 10 17 5
13 20 7 15 30 40 17 5 10
13 20 7 15 30 40 17 10 5
13 20 7 30 5 10 15 17 40
13 20 7 30 5 10 15 40 17
13 20 7 30 5 10 40 15 17
13 20 7 30 5 15 10 17 40
13 20 7 30 5 15 10 40 17
13 20 7 30 5 15 17 10 40
13 20 7 30 5 15 17 40 10
13 20 7 30 5 15 40 10 17
13 20 7 30 5 15 40 17 10
13 20 7 30 5 40 10 15 17
13 20 7 30 5 40 15 10 17
13 20 7 30 5 40 15 17 10
13 20 7 30 10 5 15 17 40
13 20 7 30 10 5 15 40 17
13 20 7 30 10 5 40 15 17
13 20 7 30 10 15 5 17 40
13 20 7 30 10 15 5 40 17
13 20 7 30 10 15 17 5 40
13 20 7 30 10 15 17 40 5
13 20 7 30 10 15 40 5 17
13 20 7 30 10 15 40 17 5
13 20 7 30 10 40 5 15 17
13 20 7 30 10 40 15 5 17
13 20 7 30 10 40 15 17 5
13 20 7 30 15 5 10 17 40
13 20 7 30 15 5 10 40 17
13 20 7 30 15 5 17 10 40
13 20 7 30 15 5 17 40 10
13 20 7 30 15 5 40 10 17
13 20 7 30 15 5 40 17 10
13 20 7 30 15 10 5 17 40
13 20 7 30 15 10 5 40 17
13 20 7 30 15 10 17 5 40
13 20 7 30 15 10 17 40 5
13 20 7 30 15 10 40 5 17
13 20 7 30 15 10 40 17 5
13 20 7 30 15 17 5 10 40
13 20 7 30 15 17 5 40 10
13 20 7 30 15 17 10 5 40
13 20 7 30 15 17 10 40 5
13 20 7 30 15 17 40 5 10
13 20 7 30 15 17 40 10 5
13 20 7 30 15 40 5 10 17
13 20 7 30 15 40 5 17 10
13 20 7 30 15 40 10 5 17
13 20 7 30 15 40 10 17 5
13 20 7 30 15 40 17 5 10
13 20 7 30 15 40 17 10 5
13 20 7 30 40 5 10 15 17
13 20 7 30 40 5 15 10 17
13 20 7 30 40 5 15 17 10
13 20 7 30 40 10 5 15 17
13 20 7 30 40 10 15 5 17
13 20 7 30 40 10 15 17 5
13 20 7 30 40 15 5 10 17
13 20 7 30 40 15 5 17 10
13 20 7 30 40 15 10 5 17
13 20 7 30 40 15 10 17 5
13 20 7 30 40 15 17 5 10
13 20 7 30 40 15 17 10 5
13 20 15 7 5 10 17 30 40
13 20 15 7 5 10 30 17 40
13 20 15 7 5 10 30 40 17
13 20 15 7 5 17 10 30 40
13 20 15 7 5 17 30 10 40
13 20 15 7 5 17 30 40 10
13 20 15 7 5 30 10 17 40
13 20 15 7 5 30 10 40 17
13 20 15 7 5 30 17 10 40
13 20 15 7 5 30 17 40 10
13 20 15 7 5 30 40 10 17
13 20 15 7 5 30 40 17 10
13 20 15 7 10 5 17 30 40
13 20 15 7 10 5 30 17 40
13 20 15 7 10 5 30 40 17
13 20 15 7 10 17 5 30 40
13 20 15 7 10 17 30 5 40
13 20 15 7 10 17 30 40 5
13 20 15 7 10 30 5 17 40
13 20 15 7 10 30 5 40 17
13 20 15 7 10 30 17 5 40
13 20 15 7 10 30 17 40 5
13 20 15 7 10 30 40 5 17
13 20 15 7 10 30 40 17 5
13 20 15 7 17 5 10 30 40
13 20 15 7 17 5 30 10 40
13 20 15 7 17 5 30 40 10
13 20 15 7 17 10 5 30 40
13 20 15 7 17 10 30 5 40
13 20 15 7 17 10 30 40 5
13 20 15 7 17 30 5 10 40
13 20 15 7 17 30 5 40 10
13 20 15 7 17 30 10 5 40
13 20 15 7 17 30 10 40 5
13 20 15 7 17 30 40 5 10
13 20 15 7 17 30 40 10 5
13 20 15 7 30 5 10 17 40
13 20 15 7 30 5 10 40 17
13 20 15 7 30 5 17 10 40
13 20 15 7 30 5 17 40 10
13 20 15 7 30 5 40 10 17
13 20 15 7 30 5 40 17 10
13 20 15 7 30 10 5 17 40
13 20 15 7 30 10 5 40 17
13 20 15 7 30 10 17 5 40
13 20 15 7 30 10 17 40 5
13 20 15 7 30 10 40 5 17
13 20 15 7 30 10 40 17 5
13 20 15 7 30 17 5 10 40
13 20 15 7 30 17 5 40 10
13 20 15 7 30 17 10 5 40
13 20 15 7 30 17 10 40 5
13 20 15 7 30 17 40 5 10
13 20 15 7 30 17 40 10 5
13 20 15 7 30 40 5 10 17
13 20 15 7 30 40 5 17 10
13 20 15 7 30 40 10 5 17
13 20 15 7 30 40 10 17 5
13 20 15 7 30 40 17 5 10
13 20 15 7 30 40 17 10 5
13 20 15 17 7 5 10 30 40
13 20 15 17 7 5 30 10 40
13 20 15 17 7 5 30 40 10
13 20 15 17 7 10 5 30 40
13 20 15 17 7 10 30 5 40
13 20 15 17 7 10 30 40 5
13 20 15 17 7 30 5 10 40
13 20 15 17 7 30 5 40 10
13 20 15 17 7 30 10 5 40
13 20 15 17 7 30 10 40 5
13 20 15 17 7 30 40 5 10
13 20 15 17 7 30 40 10 5
13 20 15 17 30 7 5 10 40
13 20 15 17 30 7 5 40 10
13 20 15 17 30 7 10 5 40
13 20 15 17 30 7 10 40 5
13 20 15 17 30 7 40 5 10
13 20 15 17 30 7 40 10 5
13 20 15 17 30 40 7 5 10
13 20 15 17 30 40 7 10 5
13 20 15 30 7 5 10 17 40
13 20 15 30 7 5 10 40 17
13 20 15 30 7 5 17 10 40
13 20 15 30 7 5 17 40 10
13 20 15 30 7 5 40 10 17
13 20 15 30 7 5 40 17 10
13 20 15 30 7 10 5 17 40
13 20 15 30 7 10 5 40 17
13 20 15 30 7 10 17 5 40
13 20 15 30 7 10 17 40 5
13 20 15 30 7 10 40 5 17
13 20 15 30 7 10 40 17 5
13 20 15 30 7 17 5 10 40
13 20 15 30 7 17 5 40 10
13 20 15 30 7 17 10 5 40
13 20 15 30 7 17 10 40 5
13 20 15 30 7 17 40 5 10
13 20 15 30 7 17 40 10 5
13 20 15 30 7 40 5 10 17
13 20 15 30 7 40 5 17 10
13 20 15 30 7 40 10 5 17
13 20 15 30 7 40 10 17 5
13 20 15 30 7 40 17 5 10
13 20 15 30 7 40 17 10 5
13 20 15 30 17 7 5 10 40
13 20 15 30 17 7 5 40 10
13 20 15 30 17 7 10 5 40
13 20 15 30 17 7 10 40 5
13 20 15 30 17 7 40 5 10
13 20 15 30 17 7 40 10 5
13 20 15 30 17 40 7 5 10
13 20 15 30 17 40 7 10 5
13 20 15 30 40 7 5 10 17
13 20 15 30 40 7 5 17 10
13 20 15 30 40 7 10 5 17
13 20 15 30 40 7 10 17 5
13 20 15 30 40 7 17 5 10
13 20 15 30 40 7 17 10 5
13 20 15 30 40 17 7 5 10
13 20 15 30 40 17 7 10 5
13 20 30 7 5 10 15 17 40
13 20 30 7 5 10 15 40 17
13 20 30 7 5 10 40 15 17
13 20 30 7 5 15 10 17 40
13 20 30 7 5 15 10 40 17
13 20 30 7 5 15 17 10 40
13 20 30 7 5 15 17 40 10
13 20 30 7 5 15 40 10 17
13 20 30 7 5 15 40 17 10
13 20 30 7 5 40 10 15 17
13 20 30 7 5 40 15 10 17
13 20 30 7 5 40 15 17 10
13 20 30 7 10 5 15 17 40
13 20 30 7 10 5 15 40 17
13 20 30 7 10 5 40 15 17
13 20 30 7 10 15 5 17 40
13 20 30 7 10 15 5 40 17
13 20 30 7 10 15 17 5 40
13 20 30 7 10 15 17 40 5
13 20 30 7 10 15 40 5 17
13 20 30 7 10 15 40 17 5
13 20 30 7 10 40 5 15 17
13 20 30 7 10 40 15 5 17
13 20 30 7 10 40 15 17 5
13 20 30 7 15 5 10 17 40
13 20 30 7 15 5 10 40 17
13 20 30 7 15 5 17 10 40
13 20 30 7 15 5 17 40 10
13 20 30 7 15 5 40 10 17
13 20 30 7 15 5 40 17 10
13 20 30 7 15 10 5 17 40
13 20 30 7 15 10 5 40 17
13 20 30 7 15 10 17 5 40
13 20 30 7 15 10 17 40 5
13 20 30 7 15 10 40 5 17
13 20 30 7 15 10 40 17 5
13 20 30 7 15 17 5 10 40
13 20 30 7 15 17 5 40 10
13 20 30 7 15 17 10 5 40
13 20 30 7 15 17 10 40 5
13 20 30 7 15 17 40 5 10
13 20 30 7 15 17 40 10 5
13 20 30 7 15 40 5 10 17
13 20 30 7 15 40 5 17 10
13 20 30 7 15 40 10 5 17
13 20 30 7 15 40 10 17 5
13 20 30 7 15 40 17 5 10
13 20 30 7 15 40 17 10 5
13 20 30 7 40 5 10 15 17
13 20 30 7 40 5 15 10 17
13 20 30 7 40 5 15 17 10
13 20 30 7 40 10 5 15 17
13 20 30 7 40 10 15 5 17
13 20 30 7 40 10 15 17 5
13 20 30 7 40 15 5 10 17
13 20 30 7 40 15 5 17 10
13 20 30 7 40 15 10 5 17
13 20 30 7 40 15 10 17 5
13 20 30 7 40 15 17 5 10
13 20 30 7 40 15 17 10 5
13 20 30 15 7 5 10 17 40
13 20 30 15 7 5 10 40 17
13 20 30 15 7 5 17 10 40
13 20 30 15 7 5 17 40 10
13 20 30 15 7 5 40 10 17
13 20 30 15 7 5 40 17 10
13 20 30 15 7 10 5 17 40
13 20 30 15 7 10 5 40 17
13 20 30 15 7 10 17 5 40
13 20 30 15 7 10 17 40 5
13 20 30 15 7 10 40 5 17
13 20 30 15 7 10 40 17 5
13 20 30 15 7 17 5 10 40
13 20 30 15 7 17 5 40 10
13 20 30 15 7 17 10 5 40
13 20 30 15 7 17 10 40 5
13 20 30 15 7 17 40 5 10
13 20 30 15 7 17 40 10 5
13 20 30 15 7 40 5 10 17
13 20 30 15 7 40 5 17 10
13 20 30 15 7 40 10 5 17
13 20 30 15 7 40 10 17 5
13 20 30 15 7 40 17 5 10
13 20 30 15 7 40 17 10 5
13 20 30 15 17 7 5 10 40
13 20 30 15 17 7 5 40 10
13 20 30 15 17 7 10 5 40
13 20 30 15 17 7 10 40 5
13 20 30 15 17 7 40 5 10
13 20 30 15 17 7 40 10 5
13 20 30 15 17 40 7 5 10
13 20 30 15 17 40 7 10 5
13 20 30 15 40 7 5 10 17
13 20 30 15 40 7 5 17 10
13 20 30 15 40 7 10 5 17
13 20 30 15 40 7 10 17 5
13 20 30 15 40 7 17 5 10
13 20 30 15 40 7 17 10 5
13 20 30 15 40 17 7 5 10
13 20 30 15 40 17 7 10 5
13 20 30 40 7 5 10 15 17
13 20 30 40 7 5 15 10 17
13 20 30 40 7 5 15 17 10
13 20 30 40 7 10 5 15 17
13 20 30 40 7 10 15 5 17
13 20 30 40 7 10 15 17 5
13 20 30 40 7 15 5 10 17
13 20 30 40 7 15 5 17 10
13 20 30 40 7 15 10 5 17
13 20 30 40 7 15 10 17 5
13 20 30 40 7 15 17 5 10
13 20 30 40 7 15 17 10 5
13 20 30 40 15 7 5 10 17
13 20 30 40 15 7 5 17 10
13 20 30 40 15 7 10 5 17
13 20 30 40 15 7 10 17 5
13 20 30 40 15 7 17 5 10
13 20 30 40 15 7 17 10 5
13 20 30 40 15 17 7 5 10
13 20 30 40 15 17 7 10 5
