77.0 63.0 71.0 65.5 60.0 54.5 49.0 38.5 49.0
46.0 25.5 46.0 48.5 46.0 48.5
34.0 52.5 48.0 41.0 48.0 57.5 59.0 53.5 59.0

20.0 25.5 31.0 46.5

35.0 42.5 35.0 42.5
99.0 53.5 70.0 77.0 70.0 52.5 58.0 46.5 45.0
2.0 29.5 11.0 34.0 31.0 21.0 31.0 35.5
48.0
20.0 10.5 20.0 33.5 47.0 59.5 72.0
72.0 85.5 72.0
83.0 81.0 79.0

24.0 14.5 24.0 30.5 25.0 29.0 33.0 35.0
51.0 29.0 51.0 39.0 47.0 46.0 47.0
86.0 55.0 31.0 58.5 31.0 57.0
94.0 53.5 51.0 50.5
77.0
52.0
36.0 25.5 36.0 27.5 36.0 27.5 19.0
62.0 63.0 62.0 62.0
65.0 67.5 65.0 47.5 65.0 47.5 30.0 47.5
18.0 11.5 18.0 26.0 18.0 26.0 34.0 37.0

59.0 57.5 56.0 44.5 33.0 44.5 33.0
44.0 28.0 25.0 34.5 44.0 46.5 44.0 46.5
78.0 43.0 9.0 32.0 55.0 61.0
20.0 29.0 38.0 43.5 49.0 43.5 38.0
40.0 22.5
93.0 81.0 69.0 60.5 68.0


77.0 65.5 77.0 76.5 76.0 76.5 77.0 76.5 76.0
41.0 68.5 41.0 30.0 19.0
94.0 92.5 91.0 60.5 30.0 28.5 27.0 28.5 30.0
65.0 73.0
49.0 32.5 35.0 42.0 49.0
83.0 78.0 83.0
86.0 56.0 66.0 62.0 58.0
5.0 41.0 77.0 77.0 77.0 61.5 66.0 56.0
1.0 1.0 1.0
94.0 48.0 94.0 90.0 86.0 89.5 86.0
16.0 21.5 16.0 21.5 25.0
70.0
55.0 48.0 41.0 48.0 41.0
61.0 64.5
20.0 43.0 48.0 34.5 48.0
99.0 91.5 84.0 82.0 80.0 78.0 76.0 73.5 71.0

86.0 72.0 58.0 43.0 28.0 25.5 23.0 25.5 23.0
6.0 23.5 41.0 26.0 41.0
4.0 11.0 18.0 29.0 40.0 53.5 40.0 29.5
96.0 72.0 58.0 53.0 48.0 53.0
41.0 46.0 51.0 59.5

78.0 88.0 84.0
38.0 21.0 36.0
44.0
18.0 12.0 18.0 21.0 24.0 48.5 24.0
75.0 55.5 42.0 39.0
68.0 43.0

84.0 56.5 29.0 21.5 14.0 16.0 14.0 16.0
12.0 55.0 45.0 28.5 45.0 29.0 14.0 18.5
99.0 97.0 95.0 96.0 95.0 83.5
78.0 50.0 64.0 58.5 53.0 37.5 22.0 37.5 53.0
36.0 28.5

4.0 11.0 5.0 10.5 16.0 17.0 18.0 35.5
76.0 39.5 28.0 22.0 28.0 35.5 43.0 35.5 28.0
62.0 76.0 62.0 51.5 41.0 51.5
50.0 56.0 56.0 53.0 50.0 53.0 56.0 53.0 50.0
29.0 61.0 82.0 78.0 74.0 63.5
82.0 47.5 13.0 13.5 14.0 20.5 27.0 31.0 35.0

40.0 69.0 64.0 79.5
14.0 47.5 38.0
65.0 67.0 65.0 64.5 64.0 64.5 64.0 64.5 65.0
59.0 41.0 59.0 61.5 60.0 59.5 60.0
17.0 56.0 17.0 33.5 26.0 33.5 41.0
32.0 49.0 35.0 33.5 32.0 33.5
44.0 52.5 44.0 52.5 44.0
0.0 42.0 35.0 26.0 35.0 36.5 35.0 36.5 38.0


0.0 32.5 65.0 47.5
80.0 42.0 80.0 58.0
87.0 80.5 74.0 73.0 74.0 73.0
55.0
21.0 23.0 25.0 48.0 25.0 25.5 26.0 30.5
20.0 18.5 20.0 34.5 20.0 18.5 20.0 24.0 28.0
6.0 9.5 13.0 35.5 38.0 45.0
94.0 72.5 57.0 62.0 67.0 64.5 62.0 61.0 60.0
48.0 48.0 48.0 34.5 21.0 34.5
17.0 24.5 28.0 25.5 28.0 28.5 29.0
47.0 41.0 39.0 37.0 39.0 43.0 39.0 43.0 47.0
49.0 39.5 49.0 39.5 32.0 40.5
13.0 42.0 31.0
27.0 29.0 31.0 45.5 60.0 65.0
75.0 44.5 19.0 16.5
98.0 96.0 94.0 67.0 73.0 56.5 73.0 56.5
81.0 82.0
94.0
87.0 84.5 82.0 64.5 47.0 46.0 45.0 37.5
71.0 51.0 71.0 66.0 61.0 61.0

4.0 23.0 42.0
50.0
6.0 20.5 24.0 29.5 24.0 29.5 35.0 33.5 35.0
56.0 53.5 56.0 57.0 58.0 58.0
92.0 53.5
47.0 38.5
55.0 62.0 69.0 62.0 55.0 62.0 55.0
62.0
5.0 47.5 61.0 37.5 61.0

98.0 58.0 47.0 58.0 69.0 58.0 69.0 74.5
83.0 43.5
59.0
27.0 14.5
15.0 8.0 15.0 37.5 55.0 51.0 47.0
98.0 73.5 92.0 70.5
93.0
4.0 33.5
85.0 55.5 30.0 28.0 30.0 28.0 30.0
78.0 87.0 96.0 87.0 78.0
72.0 44.5 48.0 32.5 29.0 28.0 29.0

5.0 48.0 17.0 33.5 50.0 42.5 38.0
8.0 51.5 70.0 52.0 61.0 65.5 70.0 75.0
14.0 35.5 42.0 49.5 57.0 49.5 55.0 48.5 55.0
45.0 33.5 45.0
8.0 15.5
41.0
55.0 47.5 55.0 47.5 55.0 47.5
80.0 63.0
75.0
94.0 54.5 84.0 89.0 84.0
23.0
35.0 39.5 44.0 39.5 44.0

46.0 56.5
50.0 31.5 50.0 42.5
81.0 60.5 40.0 31.5 40.0 31.5
32.0 16.0 32.0 34.0 36.0 34.0 32.0
31.0 18.0 5.0 5.5 5.0 5.5 5.0
66.0
18.0 51.0 73.0 70.0
79.0 73.5 72.0 70.0

88.0 51.0 14.0 14.5 15.0 34.5 25.0 39.5 54.0
42.0 56.0 42.0
71.0 71.5 71.0 71.5 72.0
6.0 39.5 73.0 41.5 73.0 41.5 73.0 78.0 73.0
18.0 35.0
90.0 56.0 61.0 72.5 84.0 72.5 61.0
2.0 11.0 10.0 15.0
48.0 41.0 48.0 46.5 48.0
12.0 35.5 59.0 75.5 92.0
29.0 18.0 29.0 56.5 29.0 44.0 59.0
97.0 55.5 41.0 27.5 14.0 27.5 41.0 27.5
44.0 43.5 43.0 43.5 43.0 43.0 43.0 43.5
83.0 90.5 83.0 58.0 77.0 68.5 77.0
83.0 44.5 66.0 49.0
72.0 47.0 64.0
27.0 51.0
47.0 27.0 21.0
23.0 14.5 23.0 15.0 23.0 52.0 48.0 59.5
45.0 45.5 45.0
39.0 60.5 52.0 45.5
75.0 55.5
73.0
46.0 28.5 13.0 29.5 46.0 60.5 75.0 77.5

7.0 10.5 14.0 12.0 14.0 16.5 19.0 21.5 24.0
23.0 50.5 48.0 63.0 69.0 73.5 71.0 70.0 69.0

5.0 40.5 74.0 67.5 61.0 60.0 61.0
17.0 33.5
5.0 28.5
17.0 26.5 36.0 57.5 37.0 38.0 39.0 38.0 39.0
82.0 67.0 57.0 54.5 52.0 43.5 52.0

32.0
47.0
85.0 79.5 74.0
53.0
99.0 56.5

46.0 42.5 46.0
24.0 36.5 24.0
46.0
57.0 32.0 10.0 32.5
44.0 28.5 13.0 28.5 44.0 28.5 28.0
71.0
5.0 47.5 37.0 59.5 60.0 58.0
96.0 65.0 46.0
4.0 42.5 71.0
36.0 64.0 92.0 93.5 92.0 82.5 73.0 76.5 73.0
32.0 41.5 51.0 41.5
88.0 49.5 23.0 55.0
21.0
47.0 47.0 47.0 47.0 47.0 47.0 47.0 51.0
12.0 38.0 57.0 34.5 24.0 32.0 40.0


40.0 69.5 61.0 62.5 64.0 62.5 64.0
34.0 22.5 34.0 28.0 34.0 38.5
87.0 71.5 56.0 65.5 75.0 65.5
61.0 80.0
34.0
77.0
83.0 88.0 83.0 83.0 83.0 75.5 83.0 75.5 68.0
10.0 13.5 17.0 25.5
4.0 27.0 50.0 34.0
48.0 36.0 24.0 28.0 32.0
68.0 65.5 63.0
67.0 41.5 40.0 31.5
68.0 56.0 44.0 54.0 56.0 60.0 56.0 50.0
1.0 3.0 5.0 24.5 44.0
73.0 70.0 67.0 70.0 67.0
38.0 35.5
77.0 77.0 77.0 72.5 68.0 61.0
28.0 33.0 38.0 41.5 38.0 41.5
13.0 51.5 67.0 50.5
92.0 73.5 55.0
89.0
13.0 27.5 42.0 48.5 42.0
74.0 72.5 71.0 69.5 68.0 59.5 68.0 59.5 51.0
38.0 31.0 24.0 28.0 32.0 35.0 38.0 43.0
41.0 25.0 27.0 23.0 19.0
15.0 39.0 63.0 72.0 63.0 59.0 55.0 59.0
68.0 58.0 68.0 70.0 68.0 70.0 68.0 70.0 68.0
21.0 56.5 66.0 43.5 66.0 48.0 30.0
97.0 97.5 97.0 80.0 63.0 52.0
24.0
30.0 64.0 30.0 22.0 14.0 22.0 28.0 29.0
17.0 28.5 17.0 17.0 17.0 17.0 17.0 20.0
98.0
37.0 49.5 46.0 41.5 46.0 45.0
17.0 39.0 53.0 35.0 22.0 27.0 32.0 27.0 32.0
89.0 62.5
42.0 56.5 42.0 55.0 68.0 69.5

39.0 58.5 39.0 28.0 39.0 46.0 44.0


85.0 77.0 69.0 77.0
36.0 25.5 36.0 25.5
76.0 82.5 83.0 86.0 83.0
71.0 68.5 66.0 35.5 43.0 38.0 33.0 38.0 43.0
8.0 42.0 76.0 49.0 50.0 36.0
28.0 25.5 28.0 45.5 63.0

67.0
77.0 84.0 91.0 84.0
58.0 76.5 58.0 50.5
81.0 78.0 75.0 71.5
61.0 44.5 60.0 48.0 36.0 32.0
64.0 66.5 69.0 75.0 81.0 75.0 69.0 71.0 69.0
23.0
45.0 57.0 69.0 57.0 58.0 51.5 52.0 50.5

12.0
50.0 31.5 16.0

69.0 35.5 69.0 61.5 69.0 72.5 69.0
13.0 56.0 17.0 54.5 82.0 74.5 82.0 74.5
3.0 8.5 14.0 32.5 14.0 27.0 14.0 27.0
27.0


55.0 28.5 43.0 49.0

0.0 2.0 4.0 39.5 75.0 65.5 56.0
8.0
38.0 28.0 38.0 44.0 46.0 42.0 46.0 42.0
31.0 47.5 56.0
70.0 83.5 97.0 83.5 70.0 77.0
91.0 79.5
98.0 49.0 38.0 54.5 38.0 53.0 39.0 38.5
37.0 36.0 35.0
97.0 56.0 39.0 34.5
10.0 5.0 10.0 17.5 25.0
56.0 77.0 85.0 73.0 61.0 60.5 60.0 60.5 61.0
57.0
61.0 79.5 89.0 86.5
48.0 61.5
36.0 34.5 36.0 38.5 41.0 42.5 44.0

43.0
99.0 75.0 89.0 70.0 51.0

25.0 14.0
90.0 47.0 54.0 29.0 54.0 42.0 30.0 42.0
27.0 57.5 27.0 34.0 27.0 30.0
83.0 44.5 34.0 31.0 34.0 31.0
54.0 58.0
50.0 53.5 50.0 33.5 19.0 34.5
26.0 33.0
6.0 50.5 72.0 45.0 18.0 45.0
39.0 24.5 10.0 19.0 28.0 23.5 28.0
13.0 37.5 53.0
84.0
19.0 49.0
55.0 58.0 55.0 39.5 55.0
66.0 43.0 66.0 60.0 66.0 60.0 66.0 60.0

57.0 31.0 45.0 51.0 45.0 50.5 56.0 50.5
71.0
65.0 54.5 65.0 54.5 44.0 34.5 44.0 34.5 37.0
31.0 20.0 31.0 46.5 46.0 54.0 46.0 42.5
15.0 45.5 59.0 51.0 59.0 62.5 59.0 62.5 59.0
96.0 70.0 56.0 76.0 56.0 53.0
30.0 20.5 30.0 63.5 57.0 52.0
92.0 66.0 40.0 49.0

5.0 51.5 86.0 83.0 80.0 78.0 76.0
12.0 53.5 87.0 49.5 12.0
41.0 29.5 41.0 61.0 41.0
73.0 71.5 70.0
38.0 46.0 38.0 39.0 40.0 39.0 38.0
20.0 18.0 20.0 18.0 17.0 18.5 17.0
20.0 40.0 25.0 22.5 25.0 29.5 34.0 29.5 34.0
54.0 59.0 54.0 44.5 35.0
81.0 58.5 78.0 74.5 78.0 74.5 71.0 71.0
93.0 65.0 37.0 41.0 37.0
9.0 18.0 27.0 33.0 39.0
55.0

43.0 27.0 43.0
55.0
22.0 20.0 22.0 29.0 35.0 28.5 35.0
34.0 46.5 59.0 63.0 67.0 63.0 59.0 63.0
69.0 73.5
58.0 73.5
1.0 46.0 35.0 59.5 78.0 56.5 45.0 40.0
40.0 44.5
7.0 7.0 7.0 29.0 51.0
66.0 70.5 69.0 67.5 69.0 67.5
31.0 34.5 31.0 34.5 38.0
2.0 31.0 60.0
58.0 38.0 58.0 38.0 18.0 38.0
85.0 46.0 73.0 42.0 13.0 43.0 43.0 58.0
71.0 75.5 71.0 40.0 21.0
56.0 65.5 56.0 42.5 56.0 65.5 56.0 65.5 56.0
27.0 54.5 82.0 71.0 60.0 60.0
31.0 56.0 31.0 26.0 31.0 47.0 63.0 54.0
68.0 62.5 57.0 62.5 58.0 63.0 58.0 63.0 58.0
85.0 53.0 53.0 63.5 53.0 45.5 38.0 45.5 38.0
50.0 39.0 50.0 39.0 50.0 55.0 58.0 59.0
87.0 58.0 87.0 88.0 87.0 77.5 68.0 63.0
49.0 25.5 49.0 37.5
76.0 49.0 70.0 46.0 41.0 42.0 43.0
43.0 27.5 12.0
45.0 33.5 22.0
54.0 72.0 83.0 68.5 73.0 63.5 54.0 57.0
27.0 57.5 69.0 48.0 69.0

59.0 70.0 59.0
52.0 65.5
67.0
95.0 50.0 61.0
49.0 29.0 24.0 36.5 45.0 34.5 45.0 47.0 49.0
8.0 29.0 50.0 65.0 80.0 65.0 80.0

82.0 44.0 15.0 48.5 19.0
68.0 82.5 68.0 68.0 68.0
43.0 63.0 43.0 39.5 43.0 39.5 43.0 41.5 40.0
16.0 16.0 16.0 22.5 29.0 32.5 36.0 32.5

4.0 49.5 87.0 89.0 87.0 89.0 87.0 67.5 48.0
22.0 44.0 26.0 34.0
71.0 43.0 15.0 43.0 55.0

5.0 29.0 30.0 32.5 35.0 32.5 35.0

83.0 51.0 36.0 27.5 19.0

35.0
38.0 62.5 57.0 47.5 54.0 51.0 48.0 51.0
62.0 37.5 22.0 17.5 22.0 23.5 22.0
62.0 71.0 62.0
91.0
56.0 72.5 56.0 72.5 70.0 73.5 70.0 63.0
77.0 62.5 48.0 44.5 47.0 44.0 41.0 39.0
25.0 33.5 42.0 39.0 36.0 39.0 42.0 47.5
19.0 29.0 24.0
63.0 64.0 65.0 67.5
98.0 96.0 94.0 85.0 76.0 83.5
31.0 27.0 31.0 32.0

19.0
9.0 6.0 9.0
37.0 54.5 72.0 57.5 43.0
11.0 22.5 31.0
1.0 27.5
2.0 33.5 19.0 39.5
20.0 48.5 51.0 51.5 51.0
76.0 45.0 16.0 45.5 71.0 43.5
42.0 33.5 42.0
28.0
99.0 92.0 86.0 87.5 86.0 85.5
46.0 26.0 6.0 14.0
56.0 77.0 98.0 84.5 79.0 75.0
95.0 54.5 95.0 73.5 52.0 41.5 52.0 45.5 39.0
88.0 84.0 88.0 84.0 80.0 79.5 79.0
28.0
38.0 54.5 38.0 38.5 39.0 38.5 39.0 48.0 57.0
98.0 85.5 73.0 55.0 73.0
46.0 51.0 54.0 50.0 54.0
57.0 31.5 37.0 31.5 29.0
74.0 69.0 64.0 69.0 64.0 69.0
74.0 46.5 44.0
70.0 55.5 41.0 37.0 33.0 33.0
55.0 73.0 91.0
53.0 65.5 53.0 65.5 53.0 65.0
89.0 79.5 70.0 72.5 75.0 72.5 75.0
89.0 51.5 83.0 63.5
55.0 50.5
98.0 91.0 84.0 64.5 84.0 68.0 84.0 75.5 84.0
30.0 22.0 30.0 39.5 49.0
17.0 21.0 24.0 20.5 17.0 20.5 24.0
81.0 65.0 81.0 73.0 81.0 79.5
30.0 33.5 37.0 59.0 78.0 57.5
93.0 55.0
47.0 72.0
94.0
6.0 32.0 58.0 66.5 58.0 63.5
91.0 58.5 91.0 79.0 67.0
53.0 31.5
89.0 57.5 52.0
19.0 13.0 19.0 24.0 19.0 24.0
77.0 81.0 77.0 81.0 77.0
14.0 45.5 77.0 71.5 74.0 75.5 74.0
3.0 25.5 44.0 23.5 10.0
51.0 35.5 51.0 49.5 51.0 66.0 81.0 83.5 81.0
55.0 44.0 55.0 65.5 55.0 65.5 75.0

29.0 45.5 62.0 63.5 62.0
42.0
11.0 54.5 19.0 22.5 26.0
81.0 45.5 71.0 65.5 60.0 45.5 39.0 49.5 39.0
20.0 59.5 20.0 26.5 33.0 26.5 29.0
66.0 46.5
52.0
62.0 31.5 36.0 49.0 62.0 50.0
54.0 67.5

27.0 57.5 65.0 51.5 65.0 51.5 65.0 51.5
23.0 32.5
47.0 39.5
49.0 73.5 49.0 48.0
43.0 30.5
27.0 34.5 42.0 50.5 59.0 59.5
52.0 42.0 52.0 42.0
13.0 44.5 62.0 61.5
90.0 61.5
62.0 39.0 33.0 47.5 33.0
72.0 56.5 72.0 71.0 70.0 66.5
91.0 52.0 23.0 19.0 23.0 33.5
51.0 60.5 70.0 71.5 73.0 80.0
50.0 45.0 40.0 44.0 40.0
24.0 49.5 75.0 80.0
24.0 42.0 60.0 55.0
96.0 78.0
60.0 37.0
76.0 46.5
54.0 75.0 96.0 84.5
59.0 77.0 69.0 64.0 59.0 64.0
69.0 69.5 69.0 56.5 66.0 55.0 48.0 53.5 59.0
50.0 26.0 50.0 29.0 45.0 47.5 45.0 42.0 45.0
50.0 27.5 50.0 29.0 50.0 68.5
40.0 42.0 44.0 42.0
0.0 38.5
98.0 88.5 79.0 82.5

16.0 30.0 44.0 67.5 59.0 51.5 44.0
92.0 81.0
4.0 43.5 32.0 55.5 63.0 62.0
59.0 64.0 59.0 63.5 59.0 59.5 59.0 56.5

89.0 83.0 77.0 62.5 48.0 45.5 48.0
22.0 38.5 55.0 61.5 68.0 61.5 55.0 53.0
51.0 60.0
46.0
89.0 55.5 61.0
54.0 48.0 42.0 46.5 47.0 49.0 47.0 49.0 47.0
3.0 13.0 7.0 15.0 23.0
40.0 30.0 20.0 30.0
41.0 29.0 41.0 59.0 41.0 38.5 36.0
41.0 67.5

29.0 33.5 36.0 37.0
5.0 9.5 6.0 10.0 14.0 15.0 16.0
53.0 35.5 53.0 53.5

14.0 37.5 61.0 37.5 19.0 40.0 27.0 27.0 27.0
32.0 59.5 41.0 42.5 44.0 61.5 64.0
87.0 72.0

51.0 27.0 51.0 27.5 51.0
1.0 9.0 1.0 9.0 17.0 21.5 26.0
48.0 25.0 41.0 23.0
30.0 45.0 30.0 45.0 60.0 53.0 60.0 53.0 46.0
45.0
23.0 41.0 59.0 53.0 59.0 61.0
29.0 19.5 29.0
12.0 38.0 64.0 64.5
5.0 36.0 67.0 61.5 67.0 61.5 56.0 36.5 27.0

71.0 46.5 43.0 57.0 43.0 42.5 42.0
22.0 24.0 23.0 22.5 23.0
97.0 61.0
95.0
71.0 72.0 71.0 54.0
98.0 62.5 27.0 48.0 27.0 48.0 33.0
97.0 90.0 83.0 54.0 41.0 58.0 52.0 46.5 41.0

33.0 18.5 33.0 53.5 74.0 78.5 75.0 79.0 83.0
92.0 86.5
69.0
12.0 26.5 12.0 26.5 14.0 15.5 17.0 27.5 38.0
6.0
80.0 44.0 13.0 22.5 32.0 42.5 53.0
82.0 45.5 43.0 26.0 19.0
5.0 30.5 56.0 41.0 56.0
71.0 57.0 71.0 57.0 71.0 66.0 61.0 66.0
61.0 71.5 61.0 47.0
96.0 55.0 84.0 80.0 76.0 45.0 29.0
69.0
76.0 45.0 14.0 15.5 14.0 15.5 17.0
3.0


53.0 54.5 56.0 73.5 62.0 69.5
74.0 73.0 74.0 74.5 75.0 79.0 75.0 79.0 75.0
21.0 25.0 29.0 25.0 21.0
84.0 76.0 76.0 80.0 76.0 78.5
26.0 22.5 26.0 47.5 68.0 57.0 46.0
91.0 71.5 59.0 55.5 59.0 60.5 62.0 63.5
78.0 42.0 21.0 47.0 63.0 42.0
3.0 20.5 7.0 15.5 20.0 22.0
36.0 64.0 37.0 64.5 37.0 59.5 69.0 75.0 69.0
3.0 20.5 5.0 21.5
80.0 80.5 80.0 51.0 22.0 20.0 18.0
32.0 47.0 32.0 42.0 52.0 47.0 52.0 47.0 52.0
86.0 57.0 28.0 19.5 28.0 19.5 11.0 19.5
52.0 72.5 78.0 65.0 67.0 61.5 67.0



33.0 51.5 42.0 51.0 42.0 37.5 42.0 37.5 33.0
86.0 60.5 86.0 73.0 80.0 70.0 60.0 59.0 60.0
2.0 41.0 80.0 60.0 80.0 64.5 73.0 64.0 55.0
79.0 57.5 79.0 66.0 53.0 44.5 36.0
61.0
1.0 3.5 6.0
0.0 37.0 37.0 33.5

11.0 23.0
54.0 38.0 54.0 44.0
87.0 53.5 20.0 51.5 71.0 45.5 45.0 32.5 33.0
37.0 35.0
7.0 37.5 27.0 22.5 27.0 40.5 29.0 41.5 54.0
74.0 41.5 74.0 76.0 74.0 76.0 74.0 70.5

52.0 62.5 52.0 48.0 52.0 48.0 52.0 53.5

31.0 50.0 69.0 50.0 49.0 40.0

26.0 36.0 26.0 36.0 26.0 36.0

3.0 20.5 19.0 28.5 19.0

86.0 62.5 69.0 54.0 64.0
65.0 49.0 65.0 55.5 65.0 59.5 62.0 58.0
21.0 37.0 37.0 31.5 37.0 45.0
51.0 45.0 51.0
88.0 67.0 88.0 85.5 83.0 85.5
84.0 43.5 76.0 50.5 51.0
64.0 74.0
76.0 70.5 65.0 58.0 65.0 58.0 51.0
82.0 56.5 31.0 44.5 54.0 56.0 58.0 63.5 58.0
94.0 57.0 20.0 56.5 59.0 46.5
50.0 65.5 67.0 58.5 64.0 57.0 50.0 48.0
62.0 68.5 62.0 62.0 62.0 62.0
57.0 68.5 57.0
72.0 37.5 71.0
40.0 21.5 35.0 37.5 40.0 37.5 35.0
8.0 15.0 15.0 18.5 15.0
36.0 54.0 36.0 39.0
37.0
33.0 44.0 33.0
24.0 59.0 31.0 41.0 31.0 41.0
94.0 72.5 82.0
2.0 17.5 33.0
38.0 32.5 34.0 30.5 34.0
31.0
56.0
45.0 51.0 45.0 49.0 53.0
34.0 28.0 34.0 33.0
99.0 56.5 63.0 38.5 14.0 13.0

79.0 75.5 79.0 75.5
71.0 60.0 67.0 69.0 71.0 69.0 71.0 69.0 71.0
97.0 89.5
18.0 54.5 39.0 60.5 82.0 74.5 82.0 74.5
42.0 47.5 42.0
45.0 28.0 45.0 28.0 45.0 31.0 45.0 41.0
55.0 40.0 35.0 42.0 49.0 42.0
60.0 55.0 50.0 47.0 44.0 47.0 44.0 47.0 44.0
8.0 41.0 59.0 66.5 74.0 66.5 74.0 66.5 59.0
5.0 11.0 17.0 28.5 40.0 49.5
19.0 53.5 19.0 51.0 54.0
4.0 27.5 51.0 47.0 43.0

41.0 24.0 41.0
76.0 62.5 57.0 66.0 57.0 53.0
4.0 35.5 67.0 35.5 67.0 68.0 67.0 68.0 69.0
48.0 54.5 48.0 54.5 61.0 54.5 61.0
69.0 76.5 69.0 71.5 69.0 64.5 69.0 64.5
73.0 67.0 61.0 67.0 61.0 52.0 43.0 38.5 36.0
88.0 72.5
70.0 44.5 70.0 59.5
57.0 65.0 73.0
81.0 62.5 44.0 37.0 30.0 37.0
54.0 44.0 34.0 44.0 54.0 52.5 51.0 51.0
40.0 64.5
75.0 44.5 75.0 51.5 75.0 59.0

29.0 29.5 30.0 40.0 46.0 48.0 46.0
24.0 40.0 24.0 24.0 24.0 36.5
69.0 43.5 42.0
69.0 64.5 60.0 64.5 69.0 65.5 62.0
90.0 52.0 90.0 65.5 41.0 33.5 38.0 32.0 38.0
74.0 82.0
11.0 45.0 44.0 38.0 32.0 34.5
33.0 31.0 33.0
18.0 43.0
70.0 35.5 33.0 51.5
37.0 23.0 37.0 34.5
99.0 57.5 74.0 62.5 68.0 59.5
55.0 61.5 55.0
0.0 26.5
78.0 43.5 39.0 39.0
10.0 8.5 10.0 21.0 32.0 32.5
48.0 46.0 48.0 46.0
59.0 60.5
25.0 17.0 25.0 25.0 25.0
17.0 49.0 64.0 60.0 56.0
34.0 56.0 34.0 39.5 34.0 27.5
31.0 59.5
34.0 18.5 3.0 18.5 34.0 38.0 42.0 51.0
64.0 79.5 64.0 76.5 89.0 76.5 89.0
89.0 83.5 89.0 83.5 89.0 83.5
81.0 41.5 3.0 18.0 33.0
30.0 56.5 30.0 27.5
7.0 35.0 63.0 59.0 63.0
47.0 62.0
29.0 51.5 74.0
46.0 45.0 46.0 45.0 46.0 46.5 47.0
74.0 45.0
58.0 37.0 58.0 52.5 47.0 32.5 47.0 47.0 47.0
4.0 17.5 31.0 20.0 31.0 20.0 31.0 51.0
9.0 45.0 9.0 8.0
92.0 78.5
72.0 83.0 72.0
71.0 65.5
40.0 28.5 17.0 28.5 40.0 47.5 55.0
17.0 18.5 20.0 30.5 20.0 30.5
57.0 35.0 27.0
81.0 48.0 26.0 53.5 81.0 56.0 31.0 56.0
73.0 42.5 73.0 50.5 28.0 50.5 72.0 72.5
80.0 64.0 48.0 48.0 48.0 48.0
99.0 88.0 77.0 74.5
78.0 66.5 55.0 66.5 60.0
67.0 49.5 32.0 49.5 32.0
45.0 66.0 45.0 64.0 64.0
20.0 25.0 30.0 40.5
76.0 80.5 76.0
47.0 52.0 47.0 46.0 47.0
90.0 88.5 87.0 70.0 53.0 70.0
90.0 56.0 22.0 36.5 51.0 36.5 40.0 31.0
17.0 51.5 64.0 75.0 64.0 57.5 51.0 34.5
89.0 81.5
18.0 10.5 18.0 14.5 18.0
6.0 41.5 54.0 65.5 54.0 45.0
59.0 65.5 59.0 58.5 58.0 49.5
12.0 34.5

18.0 14.0 18.0 14.5
92.0 94.5 92.0 89.0 86.0 63.5 54.0 47.5
75.0 52.0 75.0
80.0 80.5
54.0 64.0 54.0 29.5 54.0 64.0
70.0 49.0
62.0 40.5 43.0 52.5 45.0 53.5 54.0 49.5 45.0
98.0 91.0 84.0 70.0 56.0 40.0 56.0 57.5 56.0

77.0 77.5 77.0 76.5 76.0 73.0 70.0 69.5
51.0 48.5 46.0 48.5 46.0 44.0 46.0 44.0 42.0
75.0
54.0
40.0

22.0 37.0 22.0 25.5 29.0 40.5 52.0 59.5 60.0
50.0 45.5 41.0 33.5 41.0 45.5
80.0 87.0 92.0 86.0 80.0 79.5 79.0 68.5 58.0
48.0 68.0 53.0 50.5
23.0 24.0
53.0 50.0 53.0 50.0 47.0
67.0

85.0 56.5 44.0 36.0 28.0
51.0 49.5 51.0
90.0 53.5
37.0 30.5 37.0 53.5 70.0 73.0
80.0 73.0 66.0
46.0 40.0 46.0 40.0 34.0
14.0 9.0 14.0 16.0 14.0
96.0 70.5 75.0 63.0 75.0 73.0 71.0 61.0 51.0
29.0 29.0 29.0 55.5 82.0 67.0
3.0 8.0
64.0 73.0 82.0 81.5
99.0 91.5 84.0 73.0 72.0 67.0 72.0 67.0 72.0
72.0 43.5 72.0 64.5
64.0 80.5 64.0 80.0 84.0 74.0
19.0 30.5 42.0 65.5 69.0 55.5 42.0 48.5
57.0 40.5 26.0
66.0 63.0
16.0 46.0 60.0 38.0
72.0 50.5 29.0 40.5 52.0 40.5 30.0 30.0 30.0
52.0 50.0
75.0 69.5 64.0 65.5 64.0 63.0 64.0 63.0 62.0
91.0 50.5 84.0 55.0 84.0 86.5 89.0 86.5
41.0 38.0
95.0 54.0 55.0 34.0 13.0 34.0
73.0 43.0 73.0 53.0 33.0 27.5
37.0 37.5 38.0 37.5 38.0 37.5

40.0 62.0
1.0 1.5 2.0
81.0 58.0 81.0 58.0 57.0 51.0 47.0 46.0
76.0 59.0 57.0 53.5 50.0 46.0 42.0
89.0
34.0 24.0 14.0 24.0 34.0 25.0

72.0
87.0 71.0 87.0
40.0 60.0 40.0 32.5 25.0 26.5 28.0 26.5
61.0 59.0 61.0 68.0 61.0 68.0
95.0 58.5 61.0 73.0 61.0
73.0 39.0 60.0
66.0 65.5 65.0
79.0 67.5 56.0

76.0
38.0
79.0 78.5 78.0 78.5
66.0
25.0 60.0 53.0 39.0 53.0 42.0 53.0 42.0 43.0
34.0 29.5 30.0 32.0 30.0
26.0
53.0 59.0 53.0 50.0 47.0 50.0
48.0 37.5 27.0 37.5 48.0 47.5 48.0 48.0 48.0
79.0 41.5 79.0 46.0 79.0 53.0 79.0 53.0 68.0
1.0 23.5 46.0 55.5 61.0
10.0 18.0 26.0 41.5 39.0 48.0
40.0
9.0 53.5 58.0
90.0 55.0 20.0 55.0 20.0 46.0 47.0 33.5
63.0 36.0 20.0 41.0 37.0 30.0 37.0 49.5 62.0
20.0 52.5
57.0 40.0 23.0 35.5 48.0 51.5 55.0
0.0 4.0 8.0 32.5 8.0
32.0 57.5 40.0 36.0
38.0 21.0 33.0 35.5
73.0 49.0 73.0 51.0


99.0 62.0 61.0 48.5 44.0 40.0 44.0 52.5 44.0
39.0 53.5 39.0 32.0 39.0 50.5 39.0

56.0 50.5 45.0 27.5 10.0

46.0 45.0 44.0 45.0 44.0 38.5 33.0 38.5 44.0
69.0
34.0 28.0 34.0 51.5
14.0 15.0 16.0
68.0 36.0 68.0

60.0 38.0 60.0
45.0
22.0

66.0 47.0 31.0 47.5 64.0 47.5 31.0
11.0 54.0
10.0 27.0 44.0 59.0
41.0 45.5 50.0 66.0
81.0 59.5 38.0 35.5 38.0 49.5 47.0 52.5 58.0
92.0 61.0 88.0 59.0 30.0

49.0 50.0 49.0 50.0 51.0 53.5
38.0 59.5 72.0 55.0
3.0 34.5 7.0 5.0 7.0
81.0 49.0 17.0 49.0 77.0 79.0 80.0 78.5 80.0
2.0 7.5 6.0 9.5 10.0
39.0 60.0 78.0 58.5 39.0
51.0 67.5 51.0 56.0 61.0
81.0 52.0
74.0 81.0 74.0 64.0 54.0
9.0 13.0 17.0
34.0 33.5 33.0 33.5
75.0
86.0 45.5 33.0 58.0 33.0 19.0 33.0 43.5
44.0 57.5
36.0 49.0 44.0 40.0 44.0 40.0 44.0 40.0

36.0 23.5 36.0 23.5 20.0 15.5
8.0 43.0 11.0
92.0
64.0 64.0 64.0 70.0
45.0 52.5 45.0 52.5
95.0 79.5 64.0
23.0 31.5 23.0 23.5 24.0 28.5 33.0 36.5 33.0
15.0 8.5 15.0 31.5
18.0 22.0 26.0 30.0 26.0 30.0 32.0
77.0
75.0 69.5 64.0 62.0 60.0 49.5
12.0
44.0

26.0
31.0 48.0 58.0 61.5 58.0 56.0 54.0 46.0 54.0
35.0 34.5 34.0
65.0 81.0 65.0 69.0 65.0 64.0
76.0 75.0 74.0 50.5
6.0 40.5 6.0 27.5 49.0 45.5 49.0 53.5 49.0
28.0 27.5 28.0
19.0 32.0 19.0 32.0 45.0 36.0 27.0 36.0
67.0

48.0 33.5 30.0 24.5 30.0 39.0 48.0 39.0 30.0
65.0 35.0 32.0 48.5
22.0 57.5 59.0 40.5
75.0 74.5 75.0
9.0 7.0 9.0 38.5 22.0 45.0
96.0 95.5 95.0 88.0 91.0 86.0 86.0 83.5
0.0 8.0
74.0 38.0
98.0 98.0 98.0
61.0 49.0
44.0 57.5 71.0 57.5 55.0 49.5 55.0 63.0 55.0
15.0 17.5
57.0

21.0 58.5 37.0 58.0 79.0 58.0 57.0 47.0 37.0
67.0 61.5 56.0 61.5 67.0 61.5
82.0 90.5 82.0 67.0 52.0 48.5 52.0 55.0
10.0 51.0

74.0 49.5 25.0 49.5 53.0 39.0 53.0 39.0

73.0 66.5
94.0 93.5 93.0 69.5 91.0 68.5 72.0
17.0 32.0 45.0 34.5 24.0 34.5 24.0
99.0 56.5 80.0 54.0 28.0
57.0 59.0 61.0 59.0
60.0 34.0 60.0 42.5 25.0 42.5 60.0 64.5
50.0 59.0 50.0 48.0 46.0 48.0 50.0 48.0
56.0 31.5 53.0 48.0 53.0 52.0 51.0 47.0
39.0 33.0 27.0 23.5
3.0 9.0
64.0 81.0 72.0 68.0 68.0 68.5

49.0 44.0
65.0 80.5 65.0 44.5 46.0 35.0 46.0 48.5
41.0 54.0 67.0 55.0
45.0

40.0 22.5 18.0 20.5
62.0 76.0 62.0 74.0 62.0

50.0 27.5 50.0
42.0 28.5 29.0

31.0 30.0 29.0 30.0 29.0 21.5 29.0
27.0 54.5 27.0 33.0 27.0
34.0 29.0 34.0 34.5 35.0 34.5
74.0 55.0 47.0 46.5 46.0 46.5 46.0 41.0 46.0
29.0 61.0 51.0 55.5 51.0 46.0 41.0 43.5

78.0 52.0 71.0 51.5
80.0 76.0
69.0 49.5 30.0 48.5 30.0 48.5
40.0 55.5 51.0 61.0 63.0 63.0 63.0 65.0 63.0
55.0 39.0
9.0 8.0 9.0 22.5 36.0 23.5 36.0 41.5 36.0
86.0 68.0 86.0 68.0 86.0 79.5
40.0 39.0 38.0 33.5
5.0 33.5 62.0 38.0 62.0
36.0 34.5 36.0 34.5
19.0 25.5 32.0 38.5 38.0 35.0 38.0 41.5 38.0
65.0 49.5 39.0 36.5 34.0 36.5
98.0 84.5 72.0 72.0 72.0
21.0 51.0 32.0 47.0 62.0 53.0
73.0
64.0 43.5 51.0 47.5 44.0 33.5 23.0
72.0 83.0 72.0 54.0 36.0 54.0 51.0 54.5
76.0 69.5 63.0 48.5 38.0 36.0 34.0
79.0 50.0 79.0 50.0 41.0 38.5 36.0
55.0 28.5
59.0 72.0 59.0 52.0 59.0 52.0 59.0
51.0 59.0 51.0
92.0
27.0 63.0 27.0 26.0 25.0 26.0 27.0 26.0 27.0
8.0 52.0 23.0 17.5 23.0 28.5

99.0

71.0
53.0 65.0

29.0 33.0 37.0 44.5 37.0 33.0 29.0 33.0

38.0 46.5 55.0 46.5 38.0 46.5 55.0
60.0 35.5 60.0 72.0 78.0 69.0
96.0 86.0 96.0 86.0 76.0 78.5 81.0 78.5 76.0
80.0 52.0 26.0 25.0 26.0
39.0 28.0 39.0 35.0 39.0 35.0
90.0 71.0
85.0 45.0 5.0 44.0 77.0 70.0 69.0
94.0
80.0 86.5 80.0 69.5 59.0 69.5 67.0 63.0 59.0
60.0 73.0 60.0 56.5 53.0 43.5
34.0
69.0 59.5 50.0 50.0 50.0 58.0 66.0
0.0

35.0 31.5
19.0 55.5 21.0

2.0 38.0 14.0 30.0 46.0 49.0 52.0
1.0 46.5
89.0 54.0 33.0 40.0 33.0 40.0
56.0 48.0 56.0 48.0 56.0 58.0
88.0
48.0 69.0 90.0 69.0 48.0
9.0
36.0 50.0 64.0
6.0 13.5 21.0 37.5 54.0
59.0 61.5 59.0 50.0 58.0 58.5
9.0 4.5 2.0 5.5 9.0
61.0 59.5 58.0 58.0 58.0
78.0 85.0 78.0 74.0
24.0 39.0 35.0
22.0 22.5 23.0 30.5
16.0 45.0 16.0 29.5 32.0
91.0 72.5 57.0
10.0 10.0 10.0 25.5 34.0
68.0 79.5 68.0 61.5
97.0 85.0
7.0 3.5 7.0
40.0
94.0 93.5 93.0 74.0 70.0 62.5 55.0 53.5

87.0 65.0 50.0 46.5 50.0 46.5 50.0 60.0 50.0
50.0 65.5
91.0 60.0 78.0 62.0 46.0 62.0 46.0 62.0 46.0
66.0 77.5 66.0
74.0
89.0 71.0 88.0 70.5
42.0 31.0 42.0 31.0
93.0 74.5
39.0 33.5 39.0 41.0
43.0 26.5 30.0 36.5 43.0 54.0
6.0 35.0
24.0 42.0 24.0 19.5 24.0 23.0 24.0
92.0 70.0 67.0 57.5 67.0 57.5 48.0

17.0 11.0 17.0 22.0 27.0 42.5 27.0
85.0 49.0 44.0 37.0 44.0
86.0
74.0 69.0
72.0 43.5 44.0 35.0
46.0 25.5 41.0
93.0 96.0 93.0 81.5 70.0 63.5 57.0
47.0 48.5 47.0 48.5
76.0
76.0 56.5 43.0 53.0 43.0 46.0 49.0 46.0
13.0 11.5 13.0 49.5
67.0 80.0 72.0 69.5 67.0 57.5 67.0
97.0 50.5 5.0 38.0 34.0
33.0 24.5 33.0 32.0 33.0
77.0 75.5 74.0
28.0 56.0
53.0 68.0 53.0 34.0

